2023-11-09 08:36:08.177 [info] Added views:workbench.panel.markers.view in workbench.panel.markers
2023-11-09 08:36:08.177 [info] Added views:workbench.panel.output in workbench.panel.output
2023-11-09 08:36:08.177 [info] Added views:terminal in terminal
2023-11-09 08:36:08.177 [info] Added views:outline in workbench.view.explorer
2023-11-09 08:36:08.177 [info] Added views:workbench.scm in workbench.view.scm
2023-11-09 08:36:08.177 [info] Added views:workbench.view.search in workbench.view.search
2023-11-09 08:36:08.177 [info] Added views:timeline in workbench.view.explorer
2023-11-09 08:36:08.177 [info] Added views:workbench.explorer.emptyView in workbench.view.explorer
2023-11-09 08:36:08.699 [info] Added views:blackbox-onboarding in workbench.view.extension.blackbox
2023-11-09 08:36:08.700 [info] Added views:github.cweijan.mysql in workbench.view.extension.github-cweijan-mysql
2023-11-09 08:36:08.700 [info] Added views:github.cweijan.nosql in workbench.view.extension.github-cweijan-nosql
2023-11-09 08:36:08.701 [info] Added views:gitlens.views.home,gitlens.views.drafts,gitlens.views.workspaces,gitlens.views.account in workbench.view.extension.gitlens
2023-11-09 08:36:08.702 [info] Added views:gitlens.views.commitDetails,gitlens.views.lineHistory,gitlens.views.fileHistory,gitlens.views.searchAndCompare in workbench.view.extension.gitlensInspect
2023-11-09 08:36:08.703 [info] Added views:gitlens.views.commits,gitlens.views.branches,gitlens.views.remotes,gitlens.views.stashes,gitlens.views.tags,gitlens.views.contributors in workbench.view.scm
2023-11-09 08:36:08.703 [info] Added views:github.classroom.assignmentExplorer in workbench.view.extension.github-pull-requests
2023-11-09 08:36:08.703 [info] Added views:pr:github,issues:github in workbench.view.extension.github-pull-requests
2023-11-09 08:36:08.704 [info] Added views:todo-tree-view in workbench.view.extension.todo-tree-container
2023-11-09 08:36:08.704 [info] Added views:mongoDBConnectionExplorer,mongoDBPlaygroundsExplorer,mongoDBHelpExplorer in workbench.view.extension.mongoDB
2023-11-09 08:36:08.704 [info] Added views:dockerContainers,dockerImages,dockerRegistries,dockerNetworks,dockerVolumes,vscode-docker.views.dockerContexts,vscode-docker.views.help in workbench.view.extension.dockerView
2023-11-09 08:36:08.705 [info] Added views:liveshare.session in workbench.view.extension.liveshare
2023-11-09 08:36:08.705 [info] Added views:thunder-client-sidebar in workbench.view.extension.thunder-client
2023-11-09 08:36:08.705 [info] Added views:tabnine.loading in workbench.view.extension.tabnine
2023-11-09 08:36:08.747 [info] Added views:workbench.debug.variablesView,workbench.debug.watchExpressionsView,workbench.debug.callStackView,workbench.debug.breakPointsView in workbench.view.debug
2023-11-09 08:36:08.813 [info] Added views:workbench.panel.repl.view in workbench.panel.repl
2023-11-09 08:36:08.814 [info] Removed views:workbench.debug.breakPointsView,workbench.debug.callStackView,workbench.debug.watchExpressionsView,workbench.debug.variablesView from workbench.view.debug
2023-11-09 08:36:08.814 [info] Added views:workbench.debug.welcome in workbench.view.debug
2023-11-09 08:36:08.863 [info] Added views:~remote.forwardedPorts in ~remote.forwardedPortsContainer
2023-11-09 08:36:09.308 [info] Added views:terminal.search.view in workbench.view.extension.blackbox-terminal
2023-11-09 08:36:11.133 [info] Removed views:gitlens.views.searchAndCompare,gitlens.views.fileHistory,gitlens.views.lineHistory,gitlens.views.commitDetails from workbench.view.extension.gitlensInspect
2023-11-09 08:36:11.134 [info] Removed views:gitlens.views.contributors,gitlens.views.tags,gitlens.views.stashes,gitlens.views.remotes,gitlens.views.branches,gitlens.views.commits from workbench.view.scm
2023-11-09 08:36:11.206 [info] Added views:workbench.panel.comments in workbench.panel.comments
