2023-11-09 11:54:09.107 [info] Extension host with pid 39419 started
2023-11-09 11:54:09.199 [info] ExtensionService#_doActivateExtension vscode.git-base, startup: true, activationEvent: '*', root cause: vscode.git
2023-11-09 11:54:09.205 [info] ExtensionService#_doActivateExtension Blackboxapp.blackbox, startup: true, activationEvent: '*'
2023-11-09 11:54:09.401 [info] ExtensionService#_doActivateExtension christian-kohler.path-intellisense, startup: true, activationEvent: '*'
2023-11-09 11:54:09.418 [info] ExtensionService#_doActivateExtension ecmel.vscode-html-css, startup: true, activationEvent: '*'
2023-11-09 11:54:09.453 [info] ExtensionService#_doActivateExtension formulahendry.auto-close-tag, startup: true, activationEvent: '*'
2023-11-09 11:54:09.455 [info] ExtensionService#_doActivateExtension formulahendry.auto-rename-tag, startup: true, activationEvent: '*'
2023-11-09 11:54:09.485 [info] ExtensionService#_doActivateExtension naumovs.color-highlight, startup: true, activationEvent: '*'
2023-11-09 11:54:09.510 [info] ExtensionService#_doActivateExtension vincaslt.highlight-matching-tag, startup: true, activationEvent: '*'
2023-11-09 11:54:09.525 [info] ExtensionService#_doActivateExtension WakaTime.vscode-wakatime, startup: true, activationEvent: '*'
2023-11-09 11:54:09.585 [info] ExtensionService#_doActivateExtension WallabyJs.quokka-vscode, startup: true, activationEvent: '*'
2023-11-09 11:54:09.588 [info] ExtensionService#_doActivateExtension Zignd.html-css-class-completion, startup: true, activationEvent: '*'
2023-11-09 11:54:10.126 [info] ExtensionService#_doActivateExtension vscode.git, startup: true, activationEvent: '*'
2023-11-09 11:54:10.230 [info] ExtensionService#_doActivateExtension vscode.github, startup: true, activationEvent: '*'
2023-11-09 11:54:10.298 [info] ExtensionService#_doActivateExtension ms-vsliveshare.vsliveshare, startup: false, activationEvent: 'api', root cause: WallabyJs.quokka-vscode
2023-11-09 11:54:10.702 [info] Eager extensions activated
2023-11-09 11:54:10.707 [info] ExtensionService#_doActivateExtension vscode.debug-auto-launch, startup: false, activationEvent: 'onStartupFinished'
2023-11-09 11:54:10.709 [info] ExtensionService#_doActivateExtension vscode.merge-conflict, startup: false, activationEvent: 'onStartupFinished'
2023-11-09 11:54:10.729 [info] ExtensionService#_doActivateExtension aaron-bond.better-comments, startup: false, activationEvent: 'onStartupFinished'
2023-11-09 11:54:10.736 [info] ExtensionService#_doActivateExtension bradlc.vscode-tailwindcss, startup: false, activationEvent: 'onStartupFinished'
2023-11-09 11:54:10.772 [info] ExtensionService#_doActivateExtension cweijan.vscode-postgresql-client2, startup: false, activationEvent: 'onStartupFinished'
2023-11-09 11:54:11.085 [info] ExtensionService#_doActivateExtension dbaeumer.vscode-eslint, startup: false, activationEvent: 'onStartupFinished'
2023-11-09 11:54:11.111 [info] ExtensionService#_doActivateExtension dsznajder.es7-react-js-snippets, startup: false, activationEvent: 'onStartupFinished'
2023-11-09 11:54:11.553 [info] ExtensionService#_doActivateExtension eamodio.gitlens, startup: false, activationEvent: 'onStartupFinished'
2023-11-09 11:54:11.633 [info] ExtensionService#_doActivateExtension Equinusocio.vsc-material-theme, startup: false, activationEvent: 'onStartupFinished'
2023-11-09 11:54:11.640 [info] ExtensionService#_doActivateExtension equinusocio.vsc-material-theme-icons, startup: false, activationEvent: 'onStartupFinished'
2023-11-09 11:54:11.678 [info] ExtensionService#_doActivateExtension esbenp.prettier-vscode, startup: false, activationEvent: 'onStartupFinished'
2023-11-09 11:54:11.744 [info] ExtensionService#_doActivateExtension github.classroom, startup: false, activationEvent: 'onStartupFinished'
2023-11-09 11:54:11.808 [info] ExtensionService#_doActivateExtension vscode.github-authentication, startup: false, activationEvent: 'onStartupFinished', root cause: GitHub.vscode-pull-request-github
2023-11-09 11:54:11.844 [info] ExtensionService#_doActivateExtension Gruntfuggly.todo-tree, startup: false, activationEvent: 'onStartupFinished'
2023-11-09 11:54:11.878 [info] ExtensionService#_doActivateExtension PKief.material-icon-theme, startup: false, activationEvent: 'onStartupFinished'
2023-11-09 11:54:11.889 [info] ExtensionService#_doActivateExtension ritwickdey.LiveServer, startup: false, activationEvent: 'onStartupFinished'
2023-11-09 11:54:11.897 [info] ExtensionService#_doActivateExtension streetsidesoftware.code-spell-checker, startup: false, activationEvent: 'onStartupFinished'
2023-11-09 11:54:11.970 [info] ExtensionService#_doActivateExtension TabNine.tabnine-vscode, startup: false, activationEvent: 'onStartupFinished'
2023-11-09 11:54:12.021 [info] ExtensionService#_doActivateExtension usernamehw.errorlens, startup: false, activationEvent: 'onStartupFinished'
2023-11-09 11:54:12.026 [info] ExtensionService#_doActivateExtension vscode-icons-team.vscode-icons, startup: false, activationEvent: 'onStartupFinished'
2023-11-09 11:54:12.065 [info] ExtensionService#_doActivateExtension zhuangtongfa.material-theme, startup: false, activationEvent: 'onStartupFinished'
2023-11-09 11:54:12.549 [info] Extension host terminating: renderer closed the MessagePort
2023-11-09 11:54:12.581 [error] An error occurred when deactivating the subscriptions for extension 'Gruntfuggly.todo-tree':
2023-11-09 11:54:12.582 [error] AggregateError: Encountered errors while disposing of store
    at o (/Applications/Visual Studio Code.app/Contents/Resources/app/out/vs/workbench/api/node/extensionHostProcess.js:30:830)
    at h.cb (/Applications/Visual Studio Code.app/Contents/Resources/app/out/vs/workbench/api/node/extensionHostProcess.js:136:9843)
    at /Applications/Visual Studio Code.app/Contents/Resources/app/out/vs/workbench/api/node/extensionHostProcess.js:136:7793
    at Array.map (<anonymous>)
    at h.Y (/Applications/Visual Studio Code.app/Contents/Resources/app/out/vs/workbench/api/node/extensionHostProcess.js:136:7781)
    at h.terminate (/Applications/Visual Studio Code.app/Contents/Resources/app/out/vs/workbench/api/node/extensionHostProcess.js:136:8051)
    at o.terminate (/Applications/Visual Studio Code.app/Contents/Resources/app/out/vs/workbench/api/node/extensionHostProcess.js:140:1513)
    at a (/Applications/Visual Studio Code.app/Contents/Resources/app/out/vs/workbench/api/node/extensionHostProcess.js:153:9817)
    at MessagePortMain.<anonymous> (/Applications/Visual Studio Code.app/Contents/Resources/app/out/vs/workbench/api/node/extensionHostProcess.js:153:6242)
    at MessagePortMain.emit (node:events:513:28)
    at Object.MessagePortMain._internalPort.emit (node:electron/js2c/utility_init:2:367)
2023-11-09 11:54:12.587 [error] ProxyResolver#resolveProxy DIRECT Canceled: Canceled
    at Object.P [as $6] (/Applications/Visual Studio Code.app/Contents/Resources/app/out/vs/workbench/api/node/extensionHostProcess.js:10:1032)
    at /Applications/Visual Studio Code.app/Contents/Resources/app/out/vs/workbench/api/node/extensionHostProcess.js:134:7673
    at Array.forEach (<anonymous>)
    at n.dispose (/Applications/Visual Studio Code.app/Contents/Resources/app/out/vs/workbench/api/node/extensionHostProcess.js:134:7611)
    at h.terminate (/Applications/Visual Studio Code.app/Contents/Resources/app/out/vs/workbench/api/node/extensionHostProcess.js:136:8028)
    at o.terminate (/Applications/Visual Studio Code.app/Contents/Resources/app/out/vs/workbench/api/node/extensionHostProcess.js:140:1513)
    at a (/Applications/Visual Studio Code.app/Contents/Resources/app/out/vs/workbench/api/node/extensionHostProcess.js:153:9817)
    at MessagePortMain.<anonymous> (/Applications/Visual Studio Code.app/Contents/Resources/app/out/vs/workbench/api/node/extensionHostProcess.js:153:6242)
    at MessagePortMain.emit (node:events:513:28)
    at Object.MessagePortMain._internalPort.emit (node:electron/js2c/utility_init:2:367) 
2023-11-09 11:54:12.587 [error] ProxyResolver#resolveProxy DIRECT Canceled: Canceled
    at Object.P [as $6] (/Applications/Visual Studio Code.app/Contents/Resources/app/out/vs/workbench/api/node/extensionHostProcess.js:10:1032)
    at /Applications/Visual Studio Code.app/Contents/Resources/app/out/vs/workbench/api/node/extensionHostProcess.js:134:7673
    at Array.forEach (<anonymous>)
    at n.dispose (/Applications/Visual Studio Code.app/Contents/Resources/app/out/vs/workbench/api/node/extensionHostProcess.js:134:7611)
    at h.terminate (/Applications/Visual Studio Code.app/Contents/Resources/app/out/vs/workbench/api/node/extensionHostProcess.js:136:8028)
    at o.terminate (/Applications/Visual Studio Code.app/Contents/Resources/app/out/vs/workbench/api/node/extensionHostProcess.js:140:1513)
    at a (/Applications/Visual Studio Code.app/Contents/Resources/app/out/vs/workbench/api/node/extensionHostProcess.js:153:9817)
    at MessagePortMain.<anonymous> (/Applications/Visual Studio Code.app/Contents/Resources/app/out/vs/workbench/api/node/extensionHostProcess.js:153:6242)
    at MessagePortMain.emit (node:events:513:28)
    at Object.MessagePortMain._internalPort.emit (node:electron/js2c/utility_init:2:367) 
2023-11-09 11:54:12.588 [error] Canceled: Canceled
    at Object.P [as $6] (/Applications/Visual Studio Code.app/Contents/Resources/app/out/vs/workbench/api/node/extensionHostProcess.js:10:1032)
    at /Applications/Visual Studio Code.app/Contents/Resources/app/out/vs/workbench/api/node/extensionHostProcess.js:134:7673
    at Array.forEach (<anonymous>)
    at n.dispose (/Applications/Visual Studio Code.app/Contents/Resources/app/out/vs/workbench/api/node/extensionHostProcess.js:134:7611)
    at h.terminate (/Applications/Visual Studio Code.app/Contents/Resources/app/out/vs/workbench/api/node/extensionHostProcess.js:136:8028)
    at o.terminate (/Applications/Visual Studio Code.app/Contents/Resources/app/out/vs/workbench/api/node/extensionHostProcess.js:140:1513)
    at a (/Applications/Visual Studio Code.app/Contents/Resources/app/out/vs/workbench/api/node/extensionHostProcess.js:153:9817)
    at MessagePortMain.<anonymous> (/Applications/Visual Studio Code.app/Contents/Resources/app/out/vs/workbench/api/node/extensionHostProcess.js:153:6242)
    at MessagePortMain.emit (node:events:513:28)
    at Object.MessagePortMain._internalPort.emit (node:electron/js2c/utility_init:2:367) setContext undefined
2023-11-09 11:54:12.591 [error] Canceled: Canceled
    at Object.P [as $6] (/Applications/Visual Studio Code.app/Contents/Resources/app/out/vs/workbench/api/node/extensionHostProcess.js:10:1032)
    at /Applications/Visual Studio Code.app/Contents/Resources/app/out/vs/workbench/api/node/extensionHostProcess.js:134:7673
    at Array.forEach (<anonymous>)
    at n.dispose (/Applications/Visual Studio Code.app/Contents/Resources/app/out/vs/workbench/api/node/extensionHostProcess.js:134:7611)
    at h.terminate (/Applications/Visual Studio Code.app/Contents/Resources/app/out/vs/workbench/api/node/extensionHostProcess.js:136:8028)
    at o.terminate (/Applications/Visual Studio Code.app/Contents/Resources/app/out/vs/workbench/api/node/extensionHostProcess.js:140:1513)
    at a (/Applications/Visual Studio Code.app/Contents/Resources/app/out/vs/workbench/api/node/extensionHostProcess.js:153:9817)
    at MessagePortMain.<anonymous> (/Applications/Visual Studio Code.app/Contents/Resources/app/out/vs/workbench/api/node/extensionHostProcess.js:153:6242)
    at MessagePortMain.emit (node:events:513:28)
    at Object.MessagePortMain._internalPort.emit (node:electron/js2c/utility_init:2:367) setContext undefined
2023-11-09 11:54:12.592 [error] Canceled: Canceled
    at Object.P [as $6] (/Applications/Visual Studio Code.app/Contents/Resources/app/out/vs/workbench/api/node/extensionHostProcess.js:10:1032)
    at /Applications/Visual Studio Code.app/Contents/Resources/app/out/vs/workbench/api/node/extensionHostProcess.js:134:7673
    at Array.forEach (<anonymous>)
    at n.dispose (/Applications/Visual Studio Code.app/Contents/Resources/app/out/vs/workbench/api/node/extensionHostProcess.js:134:7611)
    at h.terminate (/Applications/Visual Studio Code.app/Contents/Resources/app/out/vs/workbench/api/node/extensionHostProcess.js:136:8028)
    at o.terminate (/Applications/Visual Studio Code.app/Contents/Resources/app/out/vs/workbench/api/node/extensionHostProcess.js:140:1513)
    at a (/Applications/Visual Studio Code.app/Contents/Resources/app/out/vs/workbench/api/node/extensionHostProcess.js:153:9817)
    at MessagePortMain.<anonymous> (/Applications/Visual Studio Code.app/Contents/Resources/app/out/vs/workbench/api/node/extensionHostProcess.js:153:6242)
    at MessagePortMain.emit (node:events:513:28)
    at Object.MessagePortMain._internalPort.emit (node:electron/js2c/utility_init:2:367) setContext undefined
2023-11-09 11:54:12.592 [error] Canceled: Canceled
    at Object.P [as $6] (/Applications/Visual Studio Code.app/Contents/Resources/app/out/vs/workbench/api/node/extensionHostProcess.js:10:1032)
    at /Applications/Visual Studio Code.app/Contents/Resources/app/out/vs/workbench/api/node/extensionHostProcess.js:134:7673
    at Array.forEach (<anonymous>)
    at n.dispose (/Applications/Visual Studio Code.app/Contents/Resources/app/out/vs/workbench/api/node/extensionHostProcess.js:134:7611)
    at h.terminate (/Applications/Visual Studio Code.app/Contents/Resources/app/out/vs/workbench/api/node/extensionHostProcess.js:136:8028)
    at o.terminate (/Applications/Visual Studio Code.app/Contents/Resources/app/out/vs/workbench/api/node/extensionHostProcess.js:140:1513)
    at a (/Applications/Visual Studio Code.app/Contents/Resources/app/out/vs/workbench/api/node/extensionHostProcess.js:153:9817)
    at MessagePortMain.<anonymous> (/Applications/Visual Studio Code.app/Contents/Resources/app/out/vs/workbench/api/node/extensionHostProcess.js:153:6242)
    at MessagePortMain.emit (node:events:513:28)
    at Object.MessagePortMain._internalPort.emit (node:electron/js2c/utility_init:2:367) setContext undefined
2023-11-09 11:54:12.592 [error] Canceled: Canceled
    at Object.P [as $6] (/Applications/Visual Studio Code.app/Contents/Resources/app/out/vs/workbench/api/node/extensionHostProcess.js:10:1032)
    at /Applications/Visual Studio Code.app/Contents/Resources/app/out/vs/workbench/api/node/extensionHostProcess.js:134:7673
    at Array.forEach (<anonymous>)
    at n.dispose (/Applications/Visual Studio Code.app/Contents/Resources/app/out/vs/workbench/api/node/extensionHostProcess.js:134:7611)
    at h.terminate (/Applications/Visual Studio Code.app/Contents/Resources/app/out/vs/workbench/api/node/extensionHostProcess.js:136:8028)
    at o.terminate (/Applications/Visual Studio Code.app/Contents/Resources/app/out/vs/workbench/api/node/extensionHostProcess.js:140:1513)
    at a (/Applications/Visual Studio Code.app/Contents/Resources/app/out/vs/workbench/api/node/extensionHostProcess.js:153:9817)
    at MessagePortMain.<anonymous> (/Applications/Visual Studio Code.app/Contents/Resources/app/out/vs/workbench/api/node/extensionHostProcess.js:153:6242)
    at MessagePortMain.emit (node:events:513:28)
    at Object.MessagePortMain._internalPort.emit (node:electron/js2c/utility_init:2:367) setContext undefined
2023-11-09 11:54:12.593 [error] Canceled: Canceled
    at Object.P [as $6] (/Applications/Visual Studio Code.app/Contents/Resources/app/out/vs/workbench/api/node/extensionHostProcess.js:10:1032)
    at /Applications/Visual Studio Code.app/Contents/Resources/app/out/vs/workbench/api/node/extensionHostProcess.js:134:7673
    at Array.forEach (<anonymous>)
    at n.dispose (/Applications/Visual Studio Code.app/Contents/Resources/app/out/vs/workbench/api/node/extensionHostProcess.js:134:7611)
    at h.terminate (/Applications/Visual Studio Code.app/Contents/Resources/app/out/vs/workbench/api/node/extensionHostProcess.js:136:8028)
    at o.terminate (/Applications/Visual Studio Code.app/Contents/Resources/app/out/vs/workbench/api/node/extensionHostProcess.js:140:1513)
    at a (/Applications/Visual Studio Code.app/Contents/Resources/app/out/vs/workbench/api/node/extensionHostProcess.js:153:9817)
    at MessagePortMain.<anonymous> (/Applications/Visual Studio Code.app/Contents/Resources/app/out/vs/workbench/api/node/extensionHostProcess.js:153:6242)
    at MessagePortMain.emit (node:events:513:28)
    at Object.MessagePortMain._internalPort.emit (node:electron/js2c/utility_init:2:367) setContext undefined
2023-11-09 11:54:12.593 [error] Canceled: Canceled
    at Object.P [as $6] (/Applications/Visual Studio Code.app/Contents/Resources/app/out/vs/workbench/api/node/extensionHostProcess.js:10:1032)
    at /Applications/Visual Studio Code.app/Contents/Resources/app/out/vs/workbench/api/node/extensionHostProcess.js:134:7673
    at Array.forEach (<anonymous>)
    at n.dispose (/Applications/Visual Studio Code.app/Contents/Resources/app/out/vs/workbench/api/node/extensionHostProcess.js:134:7611)
    at h.terminate (/Applications/Visual Studio Code.app/Contents/Resources/app/out/vs/workbench/api/node/extensionHostProcess.js:136:8028)
    at o.terminate (/Applications/Visual Studio Code.app/Contents/Resources/app/out/vs/workbench/api/node/extensionHostProcess.js:140:1513)
    at a (/Applications/Visual Studio Code.app/Contents/Resources/app/out/vs/workbench/api/node/extensionHostProcess.js:153:9817)
    at MessagePortMain.<anonymous> (/Applications/Visual Studio Code.app/Contents/Resources/app/out/vs/workbench/api/node/extensionHostProcess.js:153:6242)
    at MessagePortMain.emit (node:events:513:28)
    at Object.MessagePortMain._internalPort.emit (node:electron/js2c/utility_init:2:367) setContext undefined
2023-11-09 11:54:12.593 [error] Canceled: Canceled
    at Object.P [as $6] (/Applications/Visual Studio Code.app/Contents/Resources/app/out/vs/workbench/api/node/extensionHostProcess.js:10:1032)
    at /Applications/Visual Studio Code.app/Contents/Resources/app/out/vs/workbench/api/node/extensionHostProcess.js:134:7673
    at Array.forEach (<anonymous>)
    at n.dispose (/Applications/Visual Studio Code.app/Contents/Resources/app/out/vs/workbench/api/node/extensionHostProcess.js:134:7611)
    at h.terminate (/Applications/Visual Studio Code.app/Contents/Resources/app/out/vs/workbench/api/node/extensionHostProcess.js:136:8028)
    at o.terminate (/Applications/Visual Studio Code.app/Contents/Resources/app/out/vs/workbench/api/node/extensionHostProcess.js:140:1513)
    at a (/Applications/Visual Studio Code.app/Contents/Resources/app/out/vs/workbench/api/node/extensionHostProcess.js:153:9817)
    at MessagePortMain.<anonymous> (/Applications/Visual Studio Code.app/Contents/Resources/app/out/vs/workbench/api/node/extensionHostProcess.js:153:6242)
    at MessagePortMain.emit (node:events:513:28)
    at Object.MessagePortMain._internalPort.emit (node:electron/js2c/utility_init:2:367) setContext undefined
2023-11-09 11:54:12.594 [error] Canceled: Canceled
    at Object.P [as $6] (/Applications/Visual Studio Code.app/Contents/Resources/app/out/vs/workbench/api/node/extensionHostProcess.js:10:1032)
    at /Applications/Visual Studio Code.app/Contents/Resources/app/out/vs/workbench/api/node/extensionHostProcess.js:134:7673
    at Array.forEach (<anonymous>)
    at n.dispose (/Applications/Visual Studio Code.app/Contents/Resources/app/out/vs/workbench/api/node/extensionHostProcess.js:134:7611)
    at h.terminate (/Applications/Visual Studio Code.app/Contents/Resources/app/out/vs/workbench/api/node/extensionHostProcess.js:136:8028)
    at o.terminate (/Applications/Visual Studio Code.app/Contents/Resources/app/out/vs/workbench/api/node/extensionHostProcess.js:140:1513)
    at a (/Applications/Visual Studio Code.app/Contents/Resources/app/out/vs/workbench/api/node/extensionHostProcess.js:153:9817)
    at MessagePortMain.<anonymous> (/Applications/Visual Studio Code.app/Contents/Resources/app/out/vs/workbench/api/node/extensionHostProcess.js:153:6242)
    at MessagePortMain.emit (node:events:513:28)
    at Object.MessagePortMain._internalPort.emit (node:electron/js2c/utility_init:2:367) setContext undefined
2023-11-09 11:54:12.594 [error] Canceled: Canceled
    at Object.P [as $6] (/Applications/Visual Studio Code.app/Contents/Resources/app/out/vs/workbench/api/node/extensionHostProcess.js:10:1032)
    at /Applications/Visual Studio Code.app/Contents/Resources/app/out/vs/workbench/api/node/extensionHostProcess.js:134:7673
    at Array.forEach (<anonymous>)
    at n.dispose (/Applications/Visual Studio Code.app/Contents/Resources/app/out/vs/workbench/api/node/extensionHostProcess.js:134:7611)
    at h.terminate (/Applications/Visual Studio Code.app/Contents/Resources/app/out/vs/workbench/api/node/extensionHostProcess.js:136:8028)
    at o.terminate (/Applications/Visual Studio Code.app/Contents/Resources/app/out/vs/workbench/api/node/extensionHostProcess.js:140:1513)
    at a (/Applications/Visual Studio Code.app/Contents/Resources/app/out/vs/workbench/api/node/extensionHostProcess.js:153:9817)
    at MessagePortMain.<anonymous> (/Applications/Visual Studio Code.app/Contents/Resources/app/out/vs/workbench/api/node/extensionHostProcess.js:153:6242)
    at MessagePortMain.emit (node:events:513:28)
    at Object.MessagePortMain._internalPort.emit (node:electron/js2c/utility_init:2:367) setContext undefined
2023-11-09 11:54:12.597 [error] Canceled: Canceled
    at Object.P [as $6] (/Applications/Visual Studio Code.app/Contents/Resources/app/out/vs/workbench/api/node/extensionHostProcess.js:10:1032)
    at /Applications/Visual Studio Code.app/Contents/Resources/app/out/vs/workbench/api/node/extensionHostProcess.js:134:7673
    at Array.forEach (<anonymous>)
    at n.dispose (/Applications/Visual Studio Code.app/Contents/Resources/app/out/vs/workbench/api/node/extensionHostProcess.js:134:7611)
    at h.terminate (/Applications/Visual Studio Code.app/Contents/Resources/app/out/vs/workbench/api/node/extensionHostProcess.js:136:8028)
    at o.terminate (/Applications/Visual Studio Code.app/Contents/Resources/app/out/vs/workbench/api/node/extensionHostProcess.js:140:1513)
    at a (/Applications/Visual Studio Code.app/Contents/Resources/app/out/vs/workbench/api/node/extensionHostProcess.js:153:9817)
    at MessagePortMain.<anonymous> (/Applications/Visual Studio Code.app/Contents/Resources/app/out/vs/workbench/api/node/extensionHostProcess.js:153:6242)
    at MessagePortMain.emit (node:events:513:28)
    at Object.MessagePortMain._internalPort.emit (node:electron/js2c/utility_init:2:367) setContext undefined
2023-11-09 11:54:12.598 [error] Canceled: Canceled
    at Object.P [as $6] (/Applications/Visual Studio Code.app/Contents/Resources/app/out/vs/workbench/api/node/extensionHostProcess.js:10:1032)
    at /Applications/Visual Studio Code.app/Contents/Resources/app/out/vs/workbench/api/node/extensionHostProcess.js:134:7673
    at Array.forEach (<anonymous>)
    at n.dispose (/Applications/Visual Studio Code.app/Contents/Resources/app/out/vs/workbench/api/node/extensionHostProcess.js:134:7611)
    at h.terminate (/Applications/Visual Studio Code.app/Contents/Resources/app/out/vs/workbench/api/node/extensionHostProcess.js:136:8028)
    at o.terminate (/Applications/Visual Studio Code.app/Contents/Resources/app/out/vs/workbench/api/node/extensionHostProcess.js:140:1513)
    at a (/Applications/Visual Studio Code.app/Contents/Resources/app/out/vs/workbench/api/node/extensionHostProcess.js:153:9817)
    at MessagePortMain.<anonymous> (/Applications/Visual Studio Code.app/Contents/Resources/app/out/vs/workbench/api/node/extensionHostProcess.js:153:6242)
    at MessagePortMain.emit (node:events:513:28)
    at Object.MessagePortMain._internalPort.emit (node:electron/js2c/utility_init:2:367) setContext undefined
2023-11-09 11:54:12.598 [error] Canceled: Canceled
    at Object.P [as $6] (/Applications/Visual Studio Code.app/Contents/Resources/app/out/vs/workbench/api/node/extensionHostProcess.js:10:1032)
    at /Applications/Visual Studio Code.app/Contents/Resources/app/out/vs/workbench/api/node/extensionHostProcess.js:134:7673
    at Array.forEach (<anonymous>)
    at n.dispose (/Applications/Visual Studio Code.app/Contents/Resources/app/out/vs/workbench/api/node/extensionHostProcess.js:134:7611)
    at h.terminate (/Applications/Visual Studio Code.app/Contents/Resources/app/out/vs/workbench/api/node/extensionHostProcess.js:136:8028)
    at o.terminate (/Applications/Visual Studio Code.app/Contents/Resources/app/out/vs/workbench/api/node/extensionHostProcess.js:140:1513)
    at a (/Applications/Visual Studio Code.app/Contents/Resources/app/out/vs/workbench/api/node/extensionHostProcess.js:153:9817)
    at MessagePortMain.<anonymous> (/Applications/Visual Studio Code.app/Contents/Resources/app/out/vs/workbench/api/node/extensionHostProcess.js:153:6242)
    at MessagePortMain.emit (node:events:513:28)
    at Object.MessagePortMain._internalPort.emit (node:electron/js2c/utility_init:2:367) setContext undefined
2023-11-09 11:54:12.599 [error] Canceled: Canceled
    at Object.P [as $6] (/Applications/Visual Studio Code.app/Contents/Resources/app/out/vs/workbench/api/node/extensionHostProcess.js:10:1032)
    at /Applications/Visual Studio Code.app/Contents/Resources/app/out/vs/workbench/api/node/extensionHostProcess.js:134:7673
    at Array.forEach (<anonymous>)
    at n.dispose (/Applications/Visual Studio Code.app/Contents/Resources/app/out/vs/workbench/api/node/extensionHostProcess.js:134:7611)
    at h.terminate (/Applications/Visual Studio Code.app/Contents/Resources/app/out/vs/workbench/api/node/extensionHostProcess.js:136:8028)
    at o.terminate (/Applications/Visual Studio Code.app/Contents/Resources/app/out/vs/workbench/api/node/extensionHostProcess.js:140:1513)
    at a (/Applications/Visual Studio Code.app/Contents/Resources/app/out/vs/workbench/api/node/extensionHostProcess.js:153:9817)
    at MessagePortMain.<anonymous> (/Applications/Visual Studio Code.app/Contents/Resources/app/out/vs/workbench/api/node/extensionHostProcess.js:153:6242)
    at MessagePortMain.emit (node:events:513:28)
    at Object.MessagePortMain._internalPort.emit (node:electron/js2c/utility_init:2:367) setContext undefined
2023-11-09 11:54:12.599 [error] Canceled: Canceled
    at Object.P [as $6] (/Applications/Visual Studio Code.app/Contents/Resources/app/out/vs/workbench/api/node/extensionHostProcess.js:10:1032)
    at /Applications/Visual Studio Code.app/Contents/Resources/app/out/vs/workbench/api/node/extensionHostProcess.js:134:7673
    at Array.forEach (<anonymous>)
    at n.dispose (/Applications/Visual Studio Code.app/Contents/Resources/app/out/vs/workbench/api/node/extensionHostProcess.js:134:7611)
    at h.terminate (/Applications/Visual Studio Code.app/Contents/Resources/app/out/vs/workbench/api/node/extensionHostProcess.js:136:8028)
    at o.terminate (/Applications/Visual Studio Code.app/Contents/Resources/app/out/vs/workbench/api/node/extensionHostProcess.js:140:1513)
    at a (/Applications/Visual Studio Code.app/Contents/Resources/app/out/vs/workbench/api/node/extensionHostProcess.js:153:9817)
    at MessagePortMain.<anonymous> (/Applications/Visual Studio Code.app/Contents/Resources/app/out/vs/workbench/api/node/extensionHostProcess.js:153:6242)
    at MessagePortMain.emit (node:events:513:28)
    at Object.MessagePortMain._internalPort.emit (node:electron/js2c/utility_init:2:367) setContext undefined
2023-11-09 11:54:12.599 [error] Canceled: Canceled
    at Object.P [as $6] (/Applications/Visual Studio Code.app/Contents/Resources/app/out/vs/workbench/api/node/extensionHostProcess.js:10:1032)
    at /Applications/Visual Studio Code.app/Contents/Resources/app/out/vs/workbench/api/node/extensionHostProcess.js:134:7673
    at Array.forEach (<anonymous>)
    at n.dispose (/Applications/Visual Studio Code.app/Contents/Resources/app/out/vs/workbench/api/node/extensionHostProcess.js:134:7611)
    at h.terminate (/Applications/Visual Studio Code.app/Contents/Resources/app/out/vs/workbench/api/node/extensionHostProcess.js:136:8028)
    at o.terminate (/Applications/Visual Studio Code.app/Contents/Resources/app/out/vs/workbench/api/node/extensionHostProcess.js:140:1513)
    at a (/Applications/Visual Studio Code.app/Contents/Resources/app/out/vs/workbench/api/node/extensionHostProcess.js:153:9817)
    at MessagePortMain.<anonymous> (/Applications/Visual Studio Code.app/Contents/Resources/app/out/vs/workbench/api/node/extensionHostProcess.js:153:6242)
    at MessagePortMain.emit (node:events:513:28)
    at Object.MessagePortMain._internalPort.emit (node:electron/js2c/utility_init:2:367) setContext undefined
2023-11-09 11:54:12.600 [error] Canceled: Canceled
    at Object.P [as $6] (/Applications/Visual Studio Code.app/Contents/Resources/app/out/vs/workbench/api/node/extensionHostProcess.js:10:1032)
    at /Applications/Visual Studio Code.app/Contents/Resources/app/out/vs/workbench/api/node/extensionHostProcess.js:134:7673
    at Array.forEach (<anonymous>)
    at n.dispose (/Applications/Visual Studio Code.app/Contents/Resources/app/out/vs/workbench/api/node/extensionHostProcess.js:134:7611)
    at h.terminate (/Applications/Visual Studio Code.app/Contents/Resources/app/out/vs/workbench/api/node/extensionHostProcess.js:136:8028)
    at o.terminate (/Applications/Visual Studio Code.app/Contents/Resources/app/out/vs/workbench/api/node/extensionHostProcess.js:140:1513)
    at a (/Applications/Visual Studio Code.app/Contents/Resources/app/out/vs/workbench/api/node/extensionHostProcess.js:153:9817)
    at MessagePortMain.<anonymous> (/Applications/Visual Studio Code.app/Contents/Resources/app/out/vs/workbench/api/node/extensionHostProcess.js:153:6242)
    at MessagePortMain.emit (node:events:513:28)
    at Object.MessagePortMain._internalPort.emit (node:electron/js2c/utility_init:2:367) setContext undefined
2023-11-09 11:54:12.600 [error] Canceled: Canceled
    at Object.P [as $6] (/Applications/Visual Studio Code.app/Contents/Resources/app/out/vs/workbench/api/node/extensionHostProcess.js:10:1032)
    at /Applications/Visual Studio Code.app/Contents/Resources/app/out/vs/workbench/api/node/extensionHostProcess.js:134:7673
    at Array.forEach (<anonymous>)
    at n.dispose (/Applications/Visual Studio Code.app/Contents/Resources/app/out/vs/workbench/api/node/extensionHostProcess.js:134:7611)
    at h.terminate (/Applications/Visual Studio Code.app/Contents/Resources/app/out/vs/workbench/api/node/extensionHostProcess.js:136:8028)
    at o.terminate (/Applications/Visual Studio Code.app/Contents/Resources/app/out/vs/workbench/api/node/extensionHostProcess.js:140:1513)
    at a (/Applications/Visual Studio Code.app/Contents/Resources/app/out/vs/workbench/api/node/extensionHostProcess.js:153:9817)
    at MessagePortMain.<anonymous> (/Applications/Visual Studio Code.app/Contents/Resources/app/out/vs/workbench/api/node/extensionHostProcess.js:153:6242)
    at MessagePortMain.emit (node:events:513:28)
    at Object.MessagePortMain._internalPort.emit (node:electron/js2c/utility_init:2:367) setContext undefined
2023-11-09 11:54:12.601 [error] Canceled: Canceled
    at Object.P [as $6] (/Applications/Visual Studio Code.app/Contents/Resources/app/out/vs/workbench/api/node/extensionHostProcess.js:10:1032)
    at /Applications/Visual Studio Code.app/Contents/Resources/app/out/vs/workbench/api/node/extensionHostProcess.js:134:7673
    at Array.forEach (<anonymous>)
    at n.dispose (/Applications/Visual Studio Code.app/Contents/Resources/app/out/vs/workbench/api/node/extensionHostProcess.js:134:7611)
    at h.terminate (/Applications/Visual Studio Code.app/Contents/Resources/app/out/vs/workbench/api/node/extensionHostProcess.js:136:8028)
    at o.terminate (/Applications/Visual Studio Code.app/Contents/Resources/app/out/vs/workbench/api/node/extensionHostProcess.js:140:1513)
    at a (/Applications/Visual Studio Code.app/Contents/Resources/app/out/vs/workbench/api/node/extensionHostProcess.js:153:9817)
    at MessagePortMain.<anonymous> (/Applications/Visual Studio Code.app/Contents/Resources/app/out/vs/workbench/api/node/extensionHostProcess.js:153:6242)
    at MessagePortMain.emit (node:events:513:28)
    at Object.MessagePortMain._internalPort.emit (node:electron/js2c/utility_init:2:367) setContext undefined
2023-11-09 11:54:12.601 [error] Canceled: Canceled
    at Object.P [as $6] (/Applications/Visual Studio Code.app/Contents/Resources/app/out/vs/workbench/api/node/extensionHostProcess.js:10:1032)
    at /Applications/Visual Studio Code.app/Contents/Resources/app/out/vs/workbench/api/node/extensionHostProcess.js:134:7673
    at Array.forEach (<anonymous>)
    at n.dispose (/Applications/Visual Studio Code.app/Contents/Resources/app/out/vs/workbench/api/node/extensionHostProcess.js:134:7611)
    at h.terminate (/Applications/Visual Studio Code.app/Contents/Resources/app/out/vs/workbench/api/node/extensionHostProcess.js:136:8028)
    at o.terminate (/Applications/Visual Studio Code.app/Contents/Resources/app/out/vs/workbench/api/node/extensionHostProcess.js:140:1513)
    at a (/Applications/Visual Studio Code.app/Contents/Resources/app/out/vs/workbench/api/node/extensionHostProcess.js:153:9817)
    at MessagePortMain.<anonymous> (/Applications/Visual Studio Code.app/Contents/Resources/app/out/vs/workbench/api/node/extensionHostProcess.js:153:6242)
    at MessagePortMain.emit (node:events:513:28)
    at Object.MessagePortMain._internalPort.emit (node:electron/js2c/utility_init:2:367) setContext undefined
2023-11-09 11:54:12.602 [error] Canceled: Canceled
    at Object.P [as $6] (/Applications/Visual Studio Code.app/Contents/Resources/app/out/vs/workbench/api/node/extensionHostProcess.js:10:1032)
    at /Applications/Visual Studio Code.app/Contents/Resources/app/out/vs/workbench/api/node/extensionHostProcess.js:134:7673
    at Array.forEach (<anonymous>)
    at n.dispose (/Applications/Visual Studio Code.app/Contents/Resources/app/out/vs/workbench/api/node/extensionHostProcess.js:134:7611)
    at h.terminate (/Applications/Visual Studio Code.app/Contents/Resources/app/out/vs/workbench/api/node/extensionHostProcess.js:136:8028)
    at o.terminate (/Applications/Visual Studio Code.app/Contents/Resources/app/out/vs/workbench/api/node/extensionHostProcess.js:140:1513)
    at a (/Applications/Visual Studio Code.app/Contents/Resources/app/out/vs/workbench/api/node/extensionHostProcess.js:153:9817)
    at MessagePortMain.<anonymous> (/Applications/Visual Studio Code.app/Contents/Resources/app/out/vs/workbench/api/node/extensionHostProcess.js:153:6242)
    at MessagePortMain.emit (node:events:513:28)
    at Object.MessagePortMain._internalPort.emit (node:electron/js2c/utility_init:2:367) setContext undefined
2023-11-09 11:54:12.602 [error] Canceled: Canceled
    at Object.P [as $6] (/Applications/Visual Studio Code.app/Contents/Resources/app/out/vs/workbench/api/node/extensionHostProcess.js:10:1032)
    at /Applications/Visual Studio Code.app/Contents/Resources/app/out/vs/workbench/api/node/extensionHostProcess.js:134:7673
    at Array.forEach (<anonymous>)
    at n.dispose (/Applications/Visual Studio Code.app/Contents/Resources/app/out/vs/workbench/api/node/extensionHostProcess.js:134:7611)
    at h.terminate (/Applications/Visual Studio Code.app/Contents/Resources/app/out/vs/workbench/api/node/extensionHostProcess.js:136:8028)
    at o.terminate (/Applications/Visual Studio Code.app/Contents/Resources/app/out/vs/workbench/api/node/extensionHostProcess.js:140:1513)
    at a (/Applications/Visual Studio Code.app/Contents/Resources/app/out/vs/workbench/api/node/extensionHostProcess.js:153:9817)
    at MessagePortMain.<anonymous> (/Applications/Visual Studio Code.app/Contents/Resources/app/out/vs/workbench/api/node/extensionHostProcess.js:153:6242)
    at MessagePortMain.emit (node:events:513:28)
    at Object.MessagePortMain._internalPort.emit (node:electron/js2c/utility_init:2:367) setContext undefined
2023-11-09 11:54:12.602 [error] Canceled: Canceled
    at Object.P [as $6] (/Applications/Visual Studio Code.app/Contents/Resources/app/out/vs/workbench/api/node/extensionHostProcess.js:10:1032)
    at /Applications/Visual Studio Code.app/Contents/Resources/app/out/vs/workbench/api/node/extensionHostProcess.js:134:7673
    at Array.forEach (<anonymous>)
    at n.dispose (/Applications/Visual Studio Code.app/Contents/Resources/app/out/vs/workbench/api/node/extensionHostProcess.js:134:7611)
    at h.terminate (/Applications/Visual Studio Code.app/Contents/Resources/app/out/vs/workbench/api/node/extensionHostProcess.js:136:8028)
    at o.terminate (/Applications/Visual Studio Code.app/Contents/Resources/app/out/vs/workbench/api/node/extensionHostProcess.js:140:1513)
    at a (/Applications/Visual Studio Code.app/Contents/Resources/app/out/vs/workbench/api/node/extensionHostProcess.js:153:9817)
    at MessagePortMain.<anonymous> (/Applications/Visual Studio Code.app/Contents/Resources/app/out/vs/workbench/api/node/extensionHostProcess.js:153:6242)
    at MessagePortMain.emit (node:events:513:28)
    at Object.MessagePortMain._internalPort.emit (node:electron/js2c/utility_init:2:367) setContext undefined
2023-11-09 11:54:12.603 [error] Canceled: Canceled
    at Object.P [as $6] (/Applications/Visual Studio Code.app/Contents/Resources/app/out/vs/workbench/api/node/extensionHostProcess.js:10:1032)
    at /Applications/Visual Studio Code.app/Contents/Resources/app/out/vs/workbench/api/node/extensionHostProcess.js:134:7673
    at Array.forEach (<anonymous>)
    at n.dispose (/Applications/Visual Studio Code.app/Contents/Resources/app/out/vs/workbench/api/node/extensionHostProcess.js:134:7611)
    at h.terminate (/Applications/Visual Studio Code.app/Contents/Resources/app/out/vs/workbench/api/node/extensionHostProcess.js:136:8028)
    at o.terminate (/Applications/Visual Studio Code.app/Contents/Resources/app/out/vs/workbench/api/node/extensionHostProcess.js:140:1513)
    at a (/Applications/Visual Studio Code.app/Contents/Resources/app/out/vs/workbench/api/node/extensionHostProcess.js:153:9817)
    at MessagePortMain.<anonymous> (/Applications/Visual Studio Code.app/Contents/Resources/app/out/vs/workbench/api/node/extensionHostProcess.js:153:6242)
    at MessagePortMain.emit (node:events:513:28)
    at Object.MessagePortMain._internalPort.emit (node:electron/js2c/utility_init:2:367) setContext undefined
2023-11-09 11:54:12.603 [error] Canceled: Canceled
    at Object.P [as $6] (/Applications/Visual Studio Code.app/Contents/Resources/app/out/vs/workbench/api/node/extensionHostProcess.js:10:1032)
    at /Applications/Visual Studio Code.app/Contents/Resources/app/out/vs/workbench/api/node/extensionHostProcess.js:134:7673
    at Array.forEach (<anonymous>)
    at n.dispose (/Applications/Visual Studio Code.app/Contents/Resources/app/out/vs/workbench/api/node/extensionHostProcess.js:134:7611)
    at h.terminate (/Applications/Visual Studio Code.app/Contents/Resources/app/out/vs/workbench/api/node/extensionHostProcess.js:136:8028)
    at o.terminate (/Applications/Visual Studio Code.app/Contents/Resources/app/out/vs/workbench/api/node/extensionHostProcess.js:140:1513)
    at a (/Applications/Visual Studio Code.app/Contents/Resources/app/out/vs/workbench/api/node/extensionHostProcess.js:153:9817)
    at MessagePortMain.<anonymous> (/Applications/Visual Studio Code.app/Contents/Resources/app/out/vs/workbench/api/node/extensionHostProcess.js:153:6242)
    at MessagePortMain.emit (node:events:513:28)
    at Object.MessagePortMain._internalPort.emit (node:electron/js2c/utility_init:2:367) setContext undefined
2023-11-09 11:54:12.603 [error] Canceled: Canceled
    at Object.P [as $6] (/Applications/Visual Studio Code.app/Contents/Resources/app/out/vs/workbench/api/node/extensionHostProcess.js:10:1032)
    at /Applications/Visual Studio Code.app/Contents/Resources/app/out/vs/workbench/api/node/extensionHostProcess.js:134:7673
    at Array.forEach (<anonymous>)
    at n.dispose (/Applications/Visual Studio Code.app/Contents/Resources/app/out/vs/workbench/api/node/extensionHostProcess.js:134:7611)
    at h.terminate (/Applications/Visual Studio Code.app/Contents/Resources/app/out/vs/workbench/api/node/extensionHostProcess.js:136:8028)
    at o.terminate (/Applications/Visual Studio Code.app/Contents/Resources/app/out/vs/workbench/api/node/extensionHostProcess.js:140:1513)
    at a (/Applications/Visual Studio Code.app/Contents/Resources/app/out/vs/workbench/api/node/extensionHostProcess.js:153:9817)
    at MessagePortMain.<anonymous> (/Applications/Visual Studio Code.app/Contents/Resources/app/out/vs/workbench/api/node/extensionHostProcess.js:153:6242)
    at MessagePortMain.emit (node:events:513:28)
    at Object.MessagePortMain._internalPort.emit (node:electron/js2c/utility_init:2:367) setContext undefined
2023-11-09 11:54:12.604 [error] Canceled: Canceled
    at Object.P [as $6] (/Applications/Visual Studio Code.app/Contents/Resources/app/out/vs/workbench/api/node/extensionHostProcess.js:10:1032)
    at /Applications/Visual Studio Code.app/Contents/Resources/app/out/vs/workbench/api/node/extensionHostProcess.js:134:7673
    at Array.forEach (<anonymous>)
    at n.dispose (/Applications/Visual Studio Code.app/Contents/Resources/app/out/vs/workbench/api/node/extensionHostProcess.js:134:7611)
    at h.terminate (/Applications/Visual Studio Code.app/Contents/Resources/app/out/vs/workbench/api/node/extensionHostProcess.js:136:8028)
    at o.terminate (/Applications/Visual Studio Code.app/Contents/Resources/app/out/vs/workbench/api/node/extensionHostProcess.js:140:1513)
    at a (/Applications/Visual Studio Code.app/Contents/Resources/app/out/vs/workbench/api/node/extensionHostProcess.js:153:9817)
    at MessagePortMain.<anonymous> (/Applications/Visual Studio Code.app/Contents/Resources/app/out/vs/workbench/api/node/extensionHostProcess.js:153:6242)
    at MessagePortMain.emit (node:events:513:28)
    at Object.MessagePortMain._internalPort.emit (node:electron/js2c/utility_init:2:367) setContext undefined
2023-11-09 11:54:12.604 [error] Canceled: Canceled
    at Object.P [as $6] (/Applications/Visual Studio Code.app/Contents/Resources/app/out/vs/workbench/api/node/extensionHostProcess.js:10:1032)
    at /Applications/Visual Studio Code.app/Contents/Resources/app/out/vs/workbench/api/node/extensionHostProcess.js:134:7673
    at Array.forEach (<anonymous>)
    at n.dispose (/Applications/Visual Studio Code.app/Contents/Resources/app/out/vs/workbench/api/node/extensionHostProcess.js:134:7611)
    at h.terminate (/Applications/Visual Studio Code.app/Contents/Resources/app/out/vs/workbench/api/node/extensionHostProcess.js:136:8028)
    at o.terminate (/Applications/Visual Studio Code.app/Contents/Resources/app/out/vs/workbench/api/node/extensionHostProcess.js:140:1513)
    at a (/Applications/Visual Studio Code.app/Contents/Resources/app/out/vs/workbench/api/node/extensionHostProcess.js:153:9817)
    at MessagePortMain.<anonymous> (/Applications/Visual Studio Code.app/Contents/Resources/app/out/vs/workbench/api/node/extensionHostProcess.js:153:6242)
    at MessagePortMain.emit (node:events:513:28)
    at Object.MessagePortMain._internalPort.emit (node:electron/js2c/utility_init:2:367) setContext undefined
2023-11-09 11:54:12.604 [error] Canceled: Canceled
    at Object.P [as $6] (/Applications/Visual Studio Code.app/Contents/Resources/app/out/vs/workbench/api/node/extensionHostProcess.js:10:1032)
    at /Applications/Visual Studio Code.app/Contents/Resources/app/out/vs/workbench/api/node/extensionHostProcess.js:134:7673
    at Array.forEach (<anonymous>)
    at n.dispose (/Applications/Visual Studio Code.app/Contents/Resources/app/out/vs/workbench/api/node/extensionHostProcess.js:134:7611)
    at h.terminate (/Applications/Visual Studio Code.app/Contents/Resources/app/out/vs/workbench/api/node/extensionHostProcess.js:136:8028)
    at o.terminate (/Applications/Visual Studio Code.app/Contents/Resources/app/out/vs/workbench/api/node/extensionHostProcess.js:140:1513)
    at a (/Applications/Visual Studio Code.app/Contents/Resources/app/out/vs/workbench/api/node/extensionHostProcess.js:153:9817)
    at MessagePortMain.<anonymous> (/Applications/Visual Studio Code.app/Contents/Resources/app/out/vs/workbench/api/node/extensionHostProcess.js:153:6242)
    at MessagePortMain.emit (node:events:513:28)
    at Object.MessagePortMain._internalPort.emit (node:electron/js2c/utility_init:2:367) setContext undefined
2023-11-09 11:54:12.605 [error] Canceled: Canceled
    at Object.P [as $6] (/Applications/Visual Studio Code.app/Contents/Resources/app/out/vs/workbench/api/node/extensionHostProcess.js:10:1032)
    at /Applications/Visual Studio Code.app/Contents/Resources/app/out/vs/workbench/api/node/extensionHostProcess.js:134:7673
    at Array.forEach (<anonymous>)
    at n.dispose (/Applications/Visual Studio Code.app/Contents/Resources/app/out/vs/workbench/api/node/extensionHostProcess.js:134:7611)
    at h.terminate (/Applications/Visual Studio Code.app/Contents/Resources/app/out/vs/workbench/api/node/extensionHostProcess.js:136:8028)
    at o.terminate (/Applications/Visual Studio Code.app/Contents/Resources/app/out/vs/workbench/api/node/extensionHostProcess.js:140:1513)
    at a (/Applications/Visual Studio Code.app/Contents/Resources/app/out/vs/workbench/api/node/extensionHostProcess.js:153:9817)
    at MessagePortMain.<anonymous> (/Applications/Visual Studio Code.app/Contents/Resources/app/out/vs/workbench/api/node/extensionHostProcess.js:153:6242)
    at MessagePortMain.emit (node:events:513:28)
    at Object.MessagePortMain._internalPort.emit (node:electron/js2c/utility_init:2:367) setContext undefined
2023-11-09 11:54:12.609 [error] Canceled: Canceled
    at Object.P [as $6] (/Applications/Visual Studio Code.app/Contents/Resources/app/out/vs/workbench/api/node/extensionHostProcess.js:10:1032)
    at /Applications/Visual Studio Code.app/Contents/Resources/app/out/vs/workbench/api/node/extensionHostProcess.js:134:7673
    at Array.forEach (<anonymous>)
    at n.dispose (/Applications/Visual Studio Code.app/Contents/Resources/app/out/vs/workbench/api/node/extensionHostProcess.js:134:7611)
    at h.terminate (/Applications/Visual Studio Code.app/Contents/Resources/app/out/vs/workbench/api/node/extensionHostProcess.js:136:8028)
    at o.terminate (/Applications/Visual Studio Code.app/Contents/Resources/app/out/vs/workbench/api/node/extensionHostProcess.js:140:1513)
    at a (/Applications/Visual Studio Code.app/Contents/Resources/app/out/vs/workbench/api/node/extensionHostProcess.js:153:9817)
    at MessagePortMain.<anonymous> (/Applications/Visual Studio Code.app/Contents/Resources/app/out/vs/workbench/api/node/extensionHostProcess.js:153:6242)
    at MessagePortMain.emit (node:events:513:28)
    at Object.MessagePortMain._internalPort.emit (node:electron/js2c/utility_init:2:367) setContext undefined
2023-11-09 11:54:12.609 [error] Canceled: Canceled
    at Object.P [as $6] (/Applications/Visual Studio Code.app/Contents/Resources/app/out/vs/workbench/api/node/extensionHostProcess.js:10:1032)
    at /Applications/Visual Studio Code.app/Contents/Resources/app/out/vs/workbench/api/node/extensionHostProcess.js:134:7673
    at Array.forEach (<anonymous>)
    at n.dispose (/Applications/Visual Studio Code.app/Contents/Resources/app/out/vs/workbench/api/node/extensionHostProcess.js:134:7611)
    at h.terminate (/Applications/Visual Studio Code.app/Contents/Resources/app/out/vs/workbench/api/node/extensionHostProcess.js:136:8028)
    at o.terminate (/Applications/Visual Studio Code.app/Contents/Resources/app/out/vs/workbench/api/node/extensionHostProcess.js:140:1513)
    at a (/Applications/Visual Studio Code.app/Contents/Resources/app/out/vs/workbench/api/node/extensionHostProcess.js:153:9817)
    at MessagePortMain.<anonymous> (/Applications/Visual Studio Code.app/Contents/Resources/app/out/vs/workbench/api/node/extensionHostProcess.js:153:6242)
    at MessagePortMain.emit (node:events:513:28)
    at Object.MessagePortMain._internalPort.emit (node:electron/js2c/utility_init:2:367) setContext undefined
2023-11-09 11:54:12.610 [error] Canceled: Canceled
    at Object.P [as $6] (/Applications/Visual Studio Code.app/Contents/Resources/app/out/vs/workbench/api/node/extensionHostProcess.js:10:1032)
    at /Applications/Visual Studio Code.app/Contents/Resources/app/out/vs/workbench/api/node/extensionHostProcess.js:134:7673
    at Array.forEach (<anonymous>)
    at n.dispose (/Applications/Visual Studio Code.app/Contents/Resources/app/out/vs/workbench/api/node/extensionHostProcess.js:134:7611)
    at h.terminate (/Applications/Visual Studio Code.app/Contents/Resources/app/out/vs/workbench/api/node/extensionHostProcess.js:136:8028)
    at o.terminate (/Applications/Visual Studio Code.app/Contents/Resources/app/out/vs/workbench/api/node/extensionHostProcess.js:140:1513)
    at a (/Applications/Visual Studio Code.app/Contents/Resources/app/out/vs/workbench/api/node/extensionHostProcess.js:153:9817)
    at MessagePortMain.<anonymous> (/Applications/Visual Studio Code.app/Contents/Resources/app/out/vs/workbench/api/node/extensionHostProcess.js:153:6242)
    at MessagePortMain.emit (node:events:513:28)
    at Object.MessagePortMain._internalPort.emit (node:electron/js2c/utility_init:2:367) setContext undefined
2023-11-09 11:54:12.610 [error] Canceled: Canceled
    at Object.P [as $6] (/Applications/Visual Studio Code.app/Contents/Resources/app/out/vs/workbench/api/node/extensionHostProcess.js:10:1032)
    at /Applications/Visual Studio Code.app/Contents/Resources/app/out/vs/workbench/api/node/extensionHostProcess.js:134:7673
    at Array.forEach (<anonymous>)
    at n.dispose (/Applications/Visual Studio Code.app/Contents/Resources/app/out/vs/workbench/api/node/extensionHostProcess.js:134:7611)
    at h.terminate (/Applications/Visual Studio Code.app/Contents/Resources/app/out/vs/workbench/api/node/extensionHostProcess.js:136:8028)
    at o.terminate (/Applications/Visual Studio Code.app/Contents/Resources/app/out/vs/workbench/api/node/extensionHostProcess.js:140:1513)
    at a (/Applications/Visual Studio Code.app/Contents/Resources/app/out/vs/workbench/api/node/extensionHostProcess.js:153:9817)
    at MessagePortMain.<anonymous> (/Applications/Visual Studio Code.app/Contents/Resources/app/out/vs/workbench/api/node/extensionHostProcess.js:153:6242)
    at MessagePortMain.emit (node:events:513:28)
    at Object.MessagePortMain._internalPort.emit (node:electron/js2c/utility_init:2:367) setContext undefined
2023-11-09 11:54:12.610 [error] Canceled: Canceled
    at Object.P [as $6] (/Applications/Visual Studio Code.app/Contents/Resources/app/out/vs/workbench/api/node/extensionHostProcess.js:10:1032)
    at /Applications/Visual Studio Code.app/Contents/Resources/app/out/vs/workbench/api/node/extensionHostProcess.js:134:7673
    at Array.forEach (<anonymous>)
    at n.dispose (/Applications/Visual Studio Code.app/Contents/Resources/app/out/vs/workbench/api/node/extensionHostProcess.js:134:7611)
    at h.terminate (/Applications/Visual Studio Code.app/Contents/Resources/app/out/vs/workbench/api/node/extensionHostProcess.js:136:8028)
    at o.terminate (/Applications/Visual Studio Code.app/Contents/Resources/app/out/vs/workbench/api/node/extensionHostProcess.js:140:1513)
    at a (/Applications/Visual Studio Code.app/Contents/Resources/app/out/vs/workbench/api/node/extensionHostProcess.js:153:9817)
    at MessagePortMain.<anonymous> (/Applications/Visual Studio Code.app/Contents/Resources/app/out/vs/workbench/api/node/extensionHostProcess.js:153:6242)
    at MessagePortMain.emit (node:events:513:28)
    at Object.MessagePortMain._internalPort.emit (node:electron/js2c/utility_init:2:367) setContext undefined
2023-11-09 11:54:12.611 [error] Canceled: Canceled
    at Object.P [as $6] (/Applications/Visual Studio Code.app/Contents/Resources/app/out/vs/workbench/api/node/extensionHostProcess.js:10:1032)
    at /Applications/Visual Studio Code.app/Contents/Resources/app/out/vs/workbench/api/node/extensionHostProcess.js:134:7673
    at Array.forEach (<anonymous>)
    at n.dispose (/Applications/Visual Studio Code.app/Contents/Resources/app/out/vs/workbench/api/node/extensionHostProcess.js:134:7611)
    at h.terminate (/Applications/Visual Studio Code.app/Contents/Resources/app/out/vs/workbench/api/node/extensionHostProcess.js:136:8028)
    at o.terminate (/Applications/Visual Studio Code.app/Contents/Resources/app/out/vs/workbench/api/node/extensionHostProcess.js:140:1513)
    at a (/Applications/Visual Studio Code.app/Contents/Resources/app/out/vs/workbench/api/node/extensionHostProcess.js:153:9817)
    at MessagePortMain.<anonymous> (/Applications/Visual Studio Code.app/Contents/Resources/app/out/vs/workbench/api/node/extensionHostProcess.js:153:6242)
    at MessagePortMain.emit (node:events:513:28)
    at Object.MessagePortMain._internalPort.emit (node:electron/js2c/utility_init:2:367) setContext undefined
2023-11-09 11:54:12.611 [error] Canceled: Canceled
    at Object.P [as $6] (/Applications/Visual Studio Code.app/Contents/Resources/app/out/vs/workbench/api/node/extensionHostProcess.js:10:1032)
    at /Applications/Visual Studio Code.app/Contents/Resources/app/out/vs/workbench/api/node/extensionHostProcess.js:134:7673
    at Array.forEach (<anonymous>)
    at n.dispose (/Applications/Visual Studio Code.app/Contents/Resources/app/out/vs/workbench/api/node/extensionHostProcess.js:134:7611)
    at h.terminate (/Applications/Visual Studio Code.app/Contents/Resources/app/out/vs/workbench/api/node/extensionHostProcess.js:136:8028)
    at o.terminate (/Applications/Visual Studio Code.app/Contents/Resources/app/out/vs/workbench/api/node/extensionHostProcess.js:140:1513)
    at a (/Applications/Visual Studio Code.app/Contents/Resources/app/out/vs/workbench/api/node/extensionHostProcess.js:153:9817)
    at MessagePortMain.<anonymous> (/Applications/Visual Studio Code.app/Contents/Resources/app/out/vs/workbench/api/node/extensionHostProcess.js:153:6242)
    at MessagePortMain.emit (node:events:513:28)
    at Object.MessagePortMain._internalPort.emit (node:electron/js2c/utility_init:2:367) setContext undefined
2023-11-09 11:54:12.612 [error] Canceled: Canceled
    at Object.P [as $6] (/Applications/Visual Studio Code.app/Contents/Resources/app/out/vs/workbench/api/node/extensionHostProcess.js:10:1032)
    at /Applications/Visual Studio Code.app/Contents/Resources/app/out/vs/workbench/api/node/extensionHostProcess.js:134:7673
    at Array.forEach (<anonymous>)
    at n.dispose (/Applications/Visual Studio Code.app/Contents/Resources/app/out/vs/workbench/api/node/extensionHostProcess.js:134:7611)
    at h.terminate (/Applications/Visual Studio Code.app/Contents/Resources/app/out/vs/workbench/api/node/extensionHostProcess.js:136:8028)
    at o.terminate (/Applications/Visual Studio Code.app/Contents/Resources/app/out/vs/workbench/api/node/extensionHostProcess.js:140:1513)
    at a (/Applications/Visual Studio Code.app/Contents/Resources/app/out/vs/workbench/api/node/extensionHostProcess.js:153:9817)
    at MessagePortMain.<anonymous> (/Applications/Visual Studio Code.app/Contents/Resources/app/out/vs/workbench/api/node/extensionHostProcess.js:153:6242)
    at MessagePortMain.emit (node:events:513:28)
    at Object.MessagePortMain._internalPort.emit (node:electron/js2c/utility_init:2:367) setContext undefined
2023-11-09 11:54:12.612 [error] Canceled: Canceled
    at Object.P [as $6] (/Applications/Visual Studio Code.app/Contents/Resources/app/out/vs/workbench/api/node/extensionHostProcess.js:10:1032)
    at /Applications/Visual Studio Code.app/Contents/Resources/app/out/vs/workbench/api/node/extensionHostProcess.js:134:7673
    at Array.forEach (<anonymous>)
    at n.dispose (/Applications/Visual Studio Code.app/Contents/Resources/app/out/vs/workbench/api/node/extensionHostProcess.js:134:7611)
    at h.terminate (/Applications/Visual Studio Code.app/Contents/Resources/app/out/vs/workbench/api/node/extensionHostProcess.js:136:8028)
    at o.terminate (/Applications/Visual Studio Code.app/Contents/Resources/app/out/vs/workbench/api/node/extensionHostProcess.js:140:1513)
    at a (/Applications/Visual Studio Code.app/Contents/Resources/app/out/vs/workbench/api/node/extensionHostProcess.js:153:9817)
    at MessagePortMain.<anonymous> (/Applications/Visual Studio Code.app/Contents/Resources/app/out/vs/workbench/api/node/extensionHostProcess.js:153:6242)
    at MessagePortMain.emit (node:events:513:28)
    at Object.MessagePortMain._internalPort.emit (node:electron/js2c/utility_init:2:367) setContext undefined
2023-11-09 11:54:12.612 [error] Canceled: Canceled
    at Object.P [as $6] (/Applications/Visual Studio Code.app/Contents/Resources/app/out/vs/workbench/api/node/extensionHostProcess.js:10:1032)
    at /Applications/Visual Studio Code.app/Contents/Resources/app/out/vs/workbench/api/node/extensionHostProcess.js:134:7673
    at Array.forEach (<anonymous>)
    at n.dispose (/Applications/Visual Studio Code.app/Contents/Resources/app/out/vs/workbench/api/node/extensionHostProcess.js:134:7611)
    at h.terminate (/Applications/Visual Studio Code.app/Contents/Resources/app/out/vs/workbench/api/node/extensionHostProcess.js:136:8028)
    at o.terminate (/Applications/Visual Studio Code.app/Contents/Resources/app/out/vs/workbench/api/node/extensionHostProcess.js:140:1513)
    at a (/Applications/Visual Studio Code.app/Contents/Resources/app/out/vs/workbench/api/node/extensionHostProcess.js:153:9817)
    at MessagePortMain.<anonymous> (/Applications/Visual Studio Code.app/Contents/Resources/app/out/vs/workbench/api/node/extensionHostProcess.js:153:6242)
    at MessagePortMain.emit (node:events:513:28)
    at Object.MessagePortMain._internalPort.emit (node:electron/js2c/utility_init:2:367) setContext undefined
2023-11-09 11:54:12.613 [error] Canceled: Canceled
    at Object.P [as $6] (/Applications/Visual Studio Code.app/Contents/Resources/app/out/vs/workbench/api/node/extensionHostProcess.js:10:1032)
    at /Applications/Visual Studio Code.app/Contents/Resources/app/out/vs/workbench/api/node/extensionHostProcess.js:134:7673
    at Array.forEach (<anonymous>)
    at n.dispose (/Applications/Visual Studio Code.app/Contents/Resources/app/out/vs/workbench/api/node/extensionHostProcess.js:134:7611)
    at h.terminate (/Applications/Visual Studio Code.app/Contents/Resources/app/out/vs/workbench/api/node/extensionHostProcess.js:136:8028)
    at o.terminate (/Applications/Visual Studio Code.app/Contents/Resources/app/out/vs/workbench/api/node/extensionHostProcess.js:140:1513)
    at a (/Applications/Visual Studio Code.app/Contents/Resources/app/out/vs/workbench/api/node/extensionHostProcess.js:153:9817)
    at MessagePortMain.<anonymous> (/Applications/Visual Studio Code.app/Contents/Resources/app/out/vs/workbench/api/node/extensionHostProcess.js:153:6242)
    at MessagePortMain.emit (node:events:513:28)
    at Object.MessagePortMain._internalPort.emit (node:electron/js2c/utility_init:2:367) setContext undefined
2023-11-09 11:54:12.613 [error] Canceled: Canceled
    at Object.P [as $6] (/Applications/Visual Studio Code.app/Contents/Resources/app/out/vs/workbench/api/node/extensionHostProcess.js:10:1032)
    at /Applications/Visual Studio Code.app/Contents/Resources/app/out/vs/workbench/api/node/extensionHostProcess.js:134:7673
    at Array.forEach (<anonymous>)
    at n.dispose (/Applications/Visual Studio Code.app/Contents/Resources/app/out/vs/workbench/api/node/extensionHostProcess.js:134:7611)
    at h.terminate (/Applications/Visual Studio Code.app/Contents/Resources/app/out/vs/workbench/api/node/extensionHostProcess.js:136:8028)
    at o.terminate (/Applications/Visual Studio Code.app/Contents/Resources/app/out/vs/workbench/api/node/extensionHostProcess.js:140:1513)
    at a (/Applications/Visual Studio Code.app/Contents/Resources/app/out/vs/workbench/api/node/extensionHostProcess.js:153:9817)
    at MessagePortMain.<anonymous> (/Applications/Visual Studio Code.app/Contents/Resources/app/out/vs/workbench/api/node/extensionHostProcess.js:153:6242)
    at MessagePortMain.emit (node:events:513:28)
    at Object.MessagePortMain._internalPort.emit (node:electron/js2c/utility_init:2:367) setContext undefined
2023-11-09 11:54:12.613 [error] Canceled: Canceled
    at Object.P [as $6] (/Applications/Visual Studio Code.app/Contents/Resources/app/out/vs/workbench/api/node/extensionHostProcess.js:10:1032)
    at /Applications/Visual Studio Code.app/Contents/Resources/app/out/vs/workbench/api/node/extensionHostProcess.js:134:7673
    at Array.forEach (<anonymous>)
    at n.dispose (/Applications/Visual Studio Code.app/Contents/Resources/app/out/vs/workbench/api/node/extensionHostProcess.js:134:7611)
    at h.terminate (/Applications/Visual Studio Code.app/Contents/Resources/app/out/vs/workbench/api/node/extensionHostProcess.js:136:8028)
    at o.terminate (/Applications/Visual Studio Code.app/Contents/Resources/app/out/vs/workbench/api/node/extensionHostProcess.js:140:1513)
    at a (/Applications/Visual Studio Code.app/Contents/Resources/app/out/vs/workbench/api/node/extensionHostProcess.js:153:9817)
    at MessagePortMain.<anonymous> (/Applications/Visual Studio Code.app/Contents/Resources/app/out/vs/workbench/api/node/extensionHostProcess.js:153:6242)
    at MessagePortMain.emit (node:events:513:28)
    at Object.MessagePortMain._internalPort.emit (node:electron/js2c/utility_init:2:367) setContext undefined
2023-11-09 11:54:12.614 [error] Canceled: Canceled
    at Object.P [as $6] (/Applications/Visual Studio Code.app/Contents/Resources/app/out/vs/workbench/api/node/extensionHostProcess.js:10:1032)
    at /Applications/Visual Studio Code.app/Contents/Resources/app/out/vs/workbench/api/node/extensionHostProcess.js:134:7673
    at Array.forEach (<anonymous>)
    at n.dispose (/Applications/Visual Studio Code.app/Contents/Resources/app/out/vs/workbench/api/node/extensionHostProcess.js:134:7611)
    at h.terminate (/Applications/Visual Studio Code.app/Contents/Resources/app/out/vs/workbench/api/node/extensionHostProcess.js:136:8028)
    at o.terminate (/Applications/Visual Studio Code.app/Contents/Resources/app/out/vs/workbench/api/node/extensionHostProcess.js:140:1513)
    at a (/Applications/Visual Studio Code.app/Contents/Resources/app/out/vs/workbench/api/node/extensionHostProcess.js:153:9817)
    at MessagePortMain.<anonymous> (/Applications/Visual Studio Code.app/Contents/Resources/app/out/vs/workbench/api/node/extensionHostProcess.js:153:6242)
    at MessagePortMain.emit (node:events:513:28)
    at Object.MessagePortMain._internalPort.emit (node:electron/js2c/utility_init:2:367) setContext undefined
2023-11-09 11:54:12.614 [error] Canceled: Canceled
    at Object.P [as $6] (/Applications/Visual Studio Code.app/Contents/Resources/app/out/vs/workbench/api/node/extensionHostProcess.js:10:1032)
    at /Applications/Visual Studio Code.app/Contents/Resources/app/out/vs/workbench/api/node/extensionHostProcess.js:134:7673
    at Array.forEach (<anonymous>)
    at n.dispose (/Applications/Visual Studio Code.app/Contents/Resources/app/out/vs/workbench/api/node/extensionHostProcess.js:134:7611)
    at h.terminate (/Applications/Visual Studio Code.app/Contents/Resources/app/out/vs/workbench/api/node/extensionHostProcess.js:136:8028)
    at o.terminate (/Applications/Visual Studio Code.app/Contents/Resources/app/out/vs/workbench/api/node/extensionHostProcess.js:140:1513)
    at a (/Applications/Visual Studio Code.app/Contents/Resources/app/out/vs/workbench/api/node/extensionHostProcess.js:153:9817)
    at MessagePortMain.<anonymous> (/Applications/Visual Studio Code.app/Contents/Resources/app/out/vs/workbench/api/node/extensionHostProcess.js:153:6242)
    at MessagePortMain.emit (node:events:513:28)
    at Object.MessagePortMain._internalPort.emit (node:electron/js2c/utility_init:2:367) setContext undefined
2023-11-09 11:54:12.614 [error] Canceled: Canceled
    at Object.P [as $6] (/Applications/Visual Studio Code.app/Contents/Resources/app/out/vs/workbench/api/node/extensionHostProcess.js:10:1032)
    at /Applications/Visual Studio Code.app/Contents/Resources/app/out/vs/workbench/api/node/extensionHostProcess.js:134:7673
    at Array.forEach (<anonymous>)
    at n.dispose (/Applications/Visual Studio Code.app/Contents/Resources/app/out/vs/workbench/api/node/extensionHostProcess.js:134:7611)
    at h.terminate (/Applications/Visual Studio Code.app/Contents/Resources/app/out/vs/workbench/api/node/extensionHostProcess.js:136:8028)
    at o.terminate (/Applications/Visual Studio Code.app/Contents/Resources/app/out/vs/workbench/api/node/extensionHostProcess.js:140:1513)
    at a (/Applications/Visual Studio Code.app/Contents/Resources/app/out/vs/workbench/api/node/extensionHostProcess.js:153:9817)
    at MessagePortMain.<anonymous> (/Applications/Visual Studio Code.app/Contents/Resources/app/out/vs/workbench/api/node/extensionHostProcess.js:153:6242)
    at MessagePortMain.emit (node:events:513:28)
    at Object.MessagePortMain._internalPort.emit (node:electron/js2c/utility_init:2:367) setContext undefined
2023-11-09 11:54:12.615 [error] Canceled: Canceled
    at Object.P [as $6] (/Applications/Visual Studio Code.app/Contents/Resources/app/out/vs/workbench/api/node/extensionHostProcess.js:10:1032)
    at /Applications/Visual Studio Code.app/Contents/Resources/app/out/vs/workbench/api/node/extensionHostProcess.js:134:7673
    at Array.forEach (<anonymous>)
    at n.dispose (/Applications/Visual Studio Code.app/Contents/Resources/app/out/vs/workbench/api/node/extensionHostProcess.js:134:7611)
    at h.terminate (/Applications/Visual Studio Code.app/Contents/Resources/app/out/vs/workbench/api/node/extensionHostProcess.js:136:8028)
    at o.terminate (/Applications/Visual Studio Code.app/Contents/Resources/app/out/vs/workbench/api/node/extensionHostProcess.js:140:1513)
    at a (/Applications/Visual Studio Code.app/Contents/Resources/app/out/vs/workbench/api/node/extensionHostProcess.js:153:9817)
    at MessagePortMain.<anonymous> (/Applications/Visual Studio Code.app/Contents/Resources/app/out/vs/workbench/api/node/extensionHostProcess.js:153:6242)
    at MessagePortMain.emit (node:events:513:28)
    at Object.MessagePortMain._internalPort.emit (node:electron/js2c/utility_init:2:367) setContext undefined
2023-11-09 11:54:12.615 [error] Canceled: Canceled
    at Object.P [as $6] (/Applications/Visual Studio Code.app/Contents/Resources/app/out/vs/workbench/api/node/extensionHostProcess.js:10:1032)
    at /Applications/Visual Studio Code.app/Contents/Resources/app/out/vs/workbench/api/node/extensionHostProcess.js:134:7673
    at Array.forEach (<anonymous>)
    at n.dispose (/Applications/Visual Studio Code.app/Contents/Resources/app/out/vs/workbench/api/node/extensionHostProcess.js:134:7611)
    at h.terminate (/Applications/Visual Studio Code.app/Contents/Resources/app/out/vs/workbench/api/node/extensionHostProcess.js:136:8028)
    at o.terminate (/Applications/Visual Studio Code.app/Contents/Resources/app/out/vs/workbench/api/node/extensionHostProcess.js:140:1513)
    at a (/Applications/Visual Studio Code.app/Contents/Resources/app/out/vs/workbench/api/node/extensionHostProcess.js:153:9817)
    at MessagePortMain.<anonymous> (/Applications/Visual Studio Code.app/Contents/Resources/app/out/vs/workbench/api/node/extensionHostProcess.js:153:6242)
    at MessagePortMain.emit (node:events:513:28)
    at Object.MessagePortMain._internalPort.emit (node:electron/js2c/utility_init:2:367) setContext undefined
2023-11-09 11:54:12.616 [error] Canceled: Canceled
    at Object.P [as $6] (/Applications/Visual Studio Code.app/Contents/Resources/app/out/vs/workbench/api/node/extensionHostProcess.js:10:1032)
    at /Applications/Visual Studio Code.app/Contents/Resources/app/out/vs/workbench/api/node/extensionHostProcess.js:134:7673
    at Array.forEach (<anonymous>)
    at n.dispose (/Applications/Visual Studio Code.app/Contents/Resources/app/out/vs/workbench/api/node/extensionHostProcess.js:134:7611)
    at h.terminate (/Applications/Visual Studio Code.app/Contents/Resources/app/out/vs/workbench/api/node/extensionHostProcess.js:136:8028)
    at o.terminate (/Applications/Visual Studio Code.app/Contents/Resources/app/out/vs/workbench/api/node/extensionHostProcess.js:140:1513)
    at a (/Applications/Visual Studio Code.app/Contents/Resources/app/out/vs/workbench/api/node/extensionHostProcess.js:153:9817)
    at MessagePortMain.<anonymous> (/Applications/Visual Studio Code.app/Contents/Resources/app/out/vs/workbench/api/node/extensionHostProcess.js:153:6242)
    at MessagePortMain.emit (node:events:513:28)
    at Object.MessagePortMain._internalPort.emit (node:electron/js2c/utility_init:2:367) setContext undefined
2023-11-09 11:54:12.616 [error] Canceled: Canceled
    at Object.P [as $6] (/Applications/Visual Studio Code.app/Contents/Resources/app/out/vs/workbench/api/node/extensionHostProcess.js:10:1032)
    at /Applications/Visual Studio Code.app/Contents/Resources/app/out/vs/workbench/api/node/extensionHostProcess.js:134:7673
    at Array.forEach (<anonymous>)
    at n.dispose (/Applications/Visual Studio Code.app/Contents/Resources/app/out/vs/workbench/api/node/extensionHostProcess.js:134:7611)
    at h.terminate (/Applications/Visual Studio Code.app/Contents/Resources/app/out/vs/workbench/api/node/extensionHostProcess.js:136:8028)
    at o.terminate (/Applications/Visual Studio Code.app/Contents/Resources/app/out/vs/workbench/api/node/extensionHostProcess.js:140:1513)
    at a (/Applications/Visual Studio Code.app/Contents/Resources/app/out/vs/workbench/api/node/extensionHostProcess.js:153:9817)
    at MessagePortMain.<anonymous> (/Applications/Visual Studio Code.app/Contents/Resources/app/out/vs/workbench/api/node/extensionHostProcess.js:153:6242)
    at MessagePortMain.emit (node:events:513:28)
    at Object.MessagePortMain._internalPort.emit (node:electron/js2c/utility_init:2:367) setContext undefined
2023-11-09 11:54:12.617 [error] Canceled: Canceled
    at Object.P [as $6] (/Applications/Visual Studio Code.app/Contents/Resources/app/out/vs/workbench/api/node/extensionHostProcess.js:10:1032)
    at /Applications/Visual Studio Code.app/Contents/Resources/app/out/vs/workbench/api/node/extensionHostProcess.js:134:7673
    at Array.forEach (<anonymous>)
    at n.dispose (/Applications/Visual Studio Code.app/Contents/Resources/app/out/vs/workbench/api/node/extensionHostProcess.js:134:7611)
    at h.terminate (/Applications/Visual Studio Code.app/Contents/Resources/app/out/vs/workbench/api/node/extensionHostProcess.js:136:8028)
    at o.terminate (/Applications/Visual Studio Code.app/Contents/Resources/app/out/vs/workbench/api/node/extensionHostProcess.js:140:1513)
    at a (/Applications/Visual Studio Code.app/Contents/Resources/app/out/vs/workbench/api/node/extensionHostProcess.js:153:9817)
    at MessagePortMain.<anonymous> (/Applications/Visual Studio Code.app/Contents/Resources/app/out/vs/workbench/api/node/extensionHostProcess.js:153:6242)
    at MessagePortMain.emit (node:events:513:28)
    at Object.MessagePortMain._internalPort.emit (node:electron/js2c/utility_init:2:367) setContext undefined
2023-11-09 11:54:12.617 [error] Canceled: Canceled
    at Object.P [as $6] (/Applications/Visual Studio Code.app/Contents/Resources/app/out/vs/workbench/api/node/extensionHostProcess.js:10:1032)
    at /Applications/Visual Studio Code.app/Contents/Resources/app/out/vs/workbench/api/node/extensionHostProcess.js:134:7673
    at Array.forEach (<anonymous>)
    at n.dispose (/Applications/Visual Studio Code.app/Contents/Resources/app/out/vs/workbench/api/node/extensionHostProcess.js:134:7611)
    at h.terminate (/Applications/Visual Studio Code.app/Contents/Resources/app/out/vs/workbench/api/node/extensionHostProcess.js:136:8028)
    at o.terminate (/Applications/Visual Studio Code.app/Contents/Resources/app/out/vs/workbench/api/node/extensionHostProcess.js:140:1513)
    at a (/Applications/Visual Studio Code.app/Contents/Resources/app/out/vs/workbench/api/node/extensionHostProcess.js:153:9817)
    at MessagePortMain.<anonymous> (/Applications/Visual Studio Code.app/Contents/Resources/app/out/vs/workbench/api/node/extensionHostProcess.js:153:6242)
    at MessagePortMain.emit (node:events:513:28)
    at Object.MessagePortMain._internalPort.emit (node:electron/js2c/utility_init:2:367) setContext undefined
2023-11-09 11:54:12.618 [error] Canceled: Canceled
    at Object.P [as $6] (/Applications/Visual Studio Code.app/Contents/Resources/app/out/vs/workbench/api/node/extensionHostProcess.js:10:1032)
    at /Applications/Visual Studio Code.app/Contents/Resources/app/out/vs/workbench/api/node/extensionHostProcess.js:134:7673
    at Array.forEach (<anonymous>)
    at n.dispose (/Applications/Visual Studio Code.app/Contents/Resources/app/out/vs/workbench/api/node/extensionHostProcess.js:134:7611)
    at h.terminate (/Applications/Visual Studio Code.app/Contents/Resources/app/out/vs/workbench/api/node/extensionHostProcess.js:136:8028)
    at o.terminate (/Applications/Visual Studio Code.app/Contents/Resources/app/out/vs/workbench/api/node/extensionHostProcess.js:140:1513)
    at a (/Applications/Visual Studio Code.app/Contents/Resources/app/out/vs/workbench/api/node/extensionHostProcess.js:153:9817)
    at MessagePortMain.<anonymous> (/Applications/Visual Studio Code.app/Contents/Resources/app/out/vs/workbench/api/node/extensionHostProcess.js:153:6242)
    at MessagePortMain.emit (node:events:513:28)
    at Object.MessagePortMain._internalPort.emit (node:electron/js2c/utility_init:2:367) setContext undefined
2023-11-09 11:54:12.644 [error] Canceled: Canceled
    at new f (/Applications/Visual Studio Code.app/Contents/Resources/app/out/vs/workbench/api/node/extensionHostProcess.js:125:108614)
    at n.U (/Applications/Visual Studio Code.app/Contents/Resources/app/out/vs/workbench/api/node/extensionHostProcess.js:134:10873)
    at Proxy.F.<computed>.z.charCodeAt.F.<computed> (/Applications/Visual Studio Code.app/Contents/Resources/app/out/vs/workbench/api/node/extensionHostProcess.js:134:8315)
    at i.g (/Applications/Visual Studio Code.app/Contents/Resources/app/out/vs/workbench/api/node/extensionHostProcess.js:125:139130)
    at i.executeCommand (/Applications/Visual Studio Code.app/Contents/Resources/app/out/vs/workbench/api/node/extensionHostProcess.js:125:138568)
    at $.registerCommand.description (/Applications/Visual Studio Code.app/Contents/Resources/app/out/vs/workbench/api/node/extensionHostProcess.js:125:137892)
    at i.h (/Applications/Visual Studio Code.app/Contents/Resources/app/out/vs/workbench/api/node/extensionHostProcess.js:125:139669)
    at i.g (/Applications/Visual Studio Code.app/Contents/Resources/app/out/vs/workbench/api/node/extensionHostProcess.js:125:138661)
    at i.executeCommand (/Applications/Visual Studio Code.app/Contents/Resources/app/out/vs/workbench/api/node/extensionHostProcess.js:125:138568)
    at Object.executeCommand (/Applications/Visual Studio Code.app/Contents/Resources/app/out/vs/workbench/api/node/extensionHostProcess.js:140:21329)
    at w (/Users/davidwijaya09/.vscode/extensions/eamodio.gitlens-2023.11.817/dist/gitlens.js:1:1106467)
    at l (/Users/davidwijaya09/.vscode/extensions/eamodio.gitlens-2023.11.817/dist/gitlens.js:1:1111110)
    at ActionRunners._updateContextKeys (/Users/davidwijaya09/.vscode/extensions/eamodio.gitlens-2023.11.817/dist/gitlens.js:1:39035)
    at s (/Users/davidwijaya09/.vscode/extensions/eamodio.gitlens-2023.11.817/dist/gitlens.js:1:37454)
    at RegisteredActionRunner.unregister (/Users/davidwijaya09/.vscode/extensions/eamodio.gitlens-2023.11.817/dist/gitlens.js:1:37598)
    at RegisteredActionRunner.dispose (/Users/davidwijaya09/.vscode/extensions/eamodio.gitlens-2023.11.817/dist/gitlens.js:1:36261)
    at ActionRunners.dispose (/Users/davidwijaya09/.vscode/extensions/eamodio.gitlens-2023.11.817/dist/gitlens.js:1:37040)
    at /Users/davidwijaya09/.vscode/extensions/eamodio.gitlens-2023.11.817/dist/gitlens.js:1:796918
    at Array.forEach (<anonymous>)
    at Object.dispose (/Users/davidwijaya09/.vscode/extensions/eamodio.gitlens-2023.11.817/dist/gitlens.js:1:796903)
    at o (/Applications/Visual Studio Code.app/Contents/Resources/app/out/vs/workbench/api/node/extensionHostProcess.js:30:754)
    at h.cb (/Applications/Visual Studio Code.app/Contents/Resources/app/out/vs/workbench/api/node/extensionHostProcess.js:136:9843)
    at /Applications/Visual Studio Code.app/Contents/Resources/app/out/vs/workbench/api/node/extensionHostProcess.js:136:7793
    at Array.map (<anonymous>)
    at h.Y (/Applications/Visual Studio Code.app/Contents/Resources/app/out/vs/workbench/api/node/extensionHostProcess.js:136:7781)
    at h.terminate (/Applications/Visual Studio Code.app/Contents/Resources/app/out/vs/workbench/api/node/extensionHostProcess.js:136:8051)
    at o.terminate (/Applications/Visual Studio Code.app/Contents/Resources/app/out/vs/workbench/api/node/extensionHostProcess.js:140:1513)
    at a (/Applications/Visual Studio Code.app/Contents/Resources/app/out/vs/workbench/api/node/extensionHostProcess.js:153:9817)
    at MessagePortMain.<anonymous> (/Applications/Visual Studio Code.app/Contents/Resources/app/out/vs/workbench/api/node/extensionHostProcess.js:153:6242)
    at MessagePortMain.emit (node:events:513:28)
    at Object.MessagePortMain._internalPort.emit (node:electron/js2c/utility_init:2:367) setContext undefined
2023-11-09 11:54:12.645 [error] Canceled: Canceled
    at new f (/Applications/Visual Studio Code.app/Contents/Resources/app/out/vs/workbench/api/node/extensionHostProcess.js:125:108614)
    at n.U (/Applications/Visual Studio Code.app/Contents/Resources/app/out/vs/workbench/api/node/extensionHostProcess.js:134:10873)
    at Proxy.F.<computed>.z.charCodeAt.F.<computed> (/Applications/Visual Studio Code.app/Contents/Resources/app/out/vs/workbench/api/node/extensionHostProcess.js:134:8315)
    at i.g (/Applications/Visual Studio Code.app/Contents/Resources/app/out/vs/workbench/api/node/extensionHostProcess.js:125:139130)
    at i.executeCommand (/Applications/Visual Studio Code.app/Contents/Resources/app/out/vs/workbench/api/node/extensionHostProcess.js:125:138568)
    at $.registerCommand.description (/Applications/Visual Studio Code.app/Contents/Resources/app/out/vs/workbench/api/node/extensionHostProcess.js:125:137892)
    at i.h (/Applications/Visual Studio Code.app/Contents/Resources/app/out/vs/workbench/api/node/extensionHostProcess.js:125:139669)
    at i.g (/Applications/Visual Studio Code.app/Contents/Resources/app/out/vs/workbench/api/node/extensionHostProcess.js:125:138661)
    at i.executeCommand (/Applications/Visual Studio Code.app/Contents/Resources/app/out/vs/workbench/api/node/extensionHostProcess.js:125:138568)
    at Object.executeCommand (/Applications/Visual Studio Code.app/Contents/Resources/app/out/vs/workbench/api/node/extensionHostProcess.js:140:21329)
    at w (/Users/davidwijaya09/.vscode/extensions/eamodio.gitlens-2023.11.817/dist/gitlens.js:1:1106467)
    at l (/Users/davidwijaya09/.vscode/extensions/eamodio.gitlens-2023.11.817/dist/gitlens.js:1:1111110)
    at ActionRunners._updateContextKeys (/Users/davidwijaya09/.vscode/extensions/eamodio.gitlens-2023.11.817/dist/gitlens.js:1:39035)
    at s (/Users/davidwijaya09/.vscode/extensions/eamodio.gitlens-2023.11.817/dist/gitlens.js:1:37454)
    at RegisteredActionRunner.unregister (/Users/davidwijaya09/.vscode/extensions/eamodio.gitlens-2023.11.817/dist/gitlens.js:1:37598)
    at RegisteredActionRunner.dispose (/Users/davidwijaya09/.vscode/extensions/eamodio.gitlens-2023.11.817/dist/gitlens.js:1:36261)
    at ActionRunners.dispose (/Users/davidwijaya09/.vscode/extensions/eamodio.gitlens-2023.11.817/dist/gitlens.js:1:37040)
    at /Users/davidwijaya09/.vscode/extensions/eamodio.gitlens-2023.11.817/dist/gitlens.js:1:796918
    at Array.forEach (<anonymous>)
    at Object.dispose (/Users/davidwijaya09/.vscode/extensions/eamodio.gitlens-2023.11.817/dist/gitlens.js:1:796903)
    at o (/Applications/Visual Studio Code.app/Contents/Resources/app/out/vs/workbench/api/node/extensionHostProcess.js:30:754)
    at h.cb (/Applications/Visual Studio Code.app/Contents/Resources/app/out/vs/workbench/api/node/extensionHostProcess.js:136:9843)
    at /Applications/Visual Studio Code.app/Contents/Resources/app/out/vs/workbench/api/node/extensionHostProcess.js:136:7793
    at Array.map (<anonymous>)
    at h.Y (/Applications/Visual Studio Code.app/Contents/Resources/app/out/vs/workbench/api/node/extensionHostProcess.js:136:7781)
    at h.terminate (/Applications/Visual Studio Code.app/Contents/Resources/app/out/vs/workbench/api/node/extensionHostProcess.js:136:8051)
    at o.terminate (/Applications/Visual Studio Code.app/Contents/Resources/app/out/vs/workbench/api/node/extensionHostProcess.js:140:1513)
    at a (/Applications/Visual Studio Code.app/Contents/Resources/app/out/vs/workbench/api/node/extensionHostProcess.js:153:9817)
    at MessagePortMain.<anonymous> (/Applications/Visual Studio Code.app/Contents/Resources/app/out/vs/workbench/api/node/extensionHostProcess.js:153:6242)
    at MessagePortMain.emit (node:events:513:28)
    at Object.MessagePortMain._internalPort.emit (node:electron/js2c/utility_init:2:367) setContext undefined
2023-11-09 11:54:12.653 [error] Canceled: Canceled
    at new f (/Applications/Visual Studio Code.app/Contents/Resources/app/out/vs/workbench/api/node/extensionHostProcess.js:125:108614)
    at n.U (/Applications/Visual Studio Code.app/Contents/Resources/app/out/vs/workbench/api/node/extensionHostProcess.js:134:10873)
    at Proxy.F.<computed>.z.charCodeAt.F.<computed> (/Applications/Visual Studio Code.app/Contents/Resources/app/out/vs/workbench/api/node/extensionHostProcess.js:134:8315)
    at i.g (/Applications/Visual Studio Code.app/Contents/Resources/app/out/vs/workbench/api/node/extensionHostProcess.js:125:139130)
    at i.executeCommand (/Applications/Visual Studio Code.app/Contents/Resources/app/out/vs/workbench/api/node/extensionHostProcess.js:125:138568)
    at $.registerCommand.description (/Applications/Visual Studio Code.app/Contents/Resources/app/out/vs/workbench/api/node/extensionHostProcess.js:125:137892)
    at i.h (/Applications/Visual Studio Code.app/Contents/Resources/app/out/vs/workbench/api/node/extensionHostProcess.js:125:139669)
    at i.g (/Applications/Visual Studio Code.app/Contents/Resources/app/out/vs/workbench/api/node/extensionHostProcess.js:125:138661)
    at i.executeCommand (/Applications/Visual Studio Code.app/Contents/Resources/app/out/vs/workbench/api/node/extensionHostProcess.js:125:138568)
    at Object.executeCommand (/Applications/Visual Studio Code.app/Contents/Resources/app/out/vs/workbench/api/node/extensionHostProcess.js:140:21329)
    at w (/Users/davidwijaya09/.vscode/extensions/eamodio.gitlens-2023.11.817/dist/gitlens.js:1:1106467)
    at l (/Users/davidwijaya09/.vscode/extensions/eamodio.gitlens-2023.11.817/dist/gitlens.js:1:1111110)
    at ActionRunners._updateContextKeys (/Users/davidwijaya09/.vscode/extensions/eamodio.gitlens-2023.11.817/dist/gitlens.js:1:39035)
    at s (/Users/davidwijaya09/.vscode/extensions/eamodio.gitlens-2023.11.817/dist/gitlens.js:1:37454)
    at RegisteredActionRunner.unregister (/Users/davidwijaya09/.vscode/extensions/eamodio.gitlens-2023.11.817/dist/gitlens.js:1:37598)
    at RegisteredActionRunner.dispose (/Users/davidwijaya09/.vscode/extensions/eamodio.gitlens-2023.11.817/dist/gitlens.js:1:36261)
    at ActionRunners.dispose (/Users/davidwijaya09/.vscode/extensions/eamodio.gitlens-2023.11.817/dist/gitlens.js:1:37040)
    at /Users/davidwijaya09/.vscode/extensions/eamodio.gitlens-2023.11.817/dist/gitlens.js:1:796918
    at Array.forEach (<anonymous>)
    at Object.dispose (/Users/davidwijaya09/.vscode/extensions/eamodio.gitlens-2023.11.817/dist/gitlens.js:1:796903)
    at o (/Applications/Visual Studio Code.app/Contents/Resources/app/out/vs/workbench/api/node/extensionHostProcess.js:30:754)
    at h.cb (/Applications/Visual Studio Code.app/Contents/Resources/app/out/vs/workbench/api/node/extensionHostProcess.js:136:9843)
    at /Applications/Visual Studio Code.app/Contents/Resources/app/out/vs/workbench/api/node/extensionHostProcess.js:136:7793
    at Array.map (<anonymous>)
    at h.Y (/Applications/Visual Studio Code.app/Contents/Resources/app/out/vs/workbench/api/node/extensionHostProcess.js:136:7781)
    at h.terminate (/Applications/Visual Studio Code.app/Contents/Resources/app/out/vs/workbench/api/node/extensionHostProcess.js:136:8051)
    at o.terminate (/Applications/Visual Studio Code.app/Contents/Resources/app/out/vs/workbench/api/node/extensionHostProcess.js:140:1513)
    at a (/Applications/Visual Studio Code.app/Contents/Resources/app/out/vs/workbench/api/node/extensionHostProcess.js:153:9817)
    at MessagePortMain.<anonymous> (/Applications/Visual Studio Code.app/Contents/Resources/app/out/vs/workbench/api/node/extensionHostProcess.js:153:6242)
    at MessagePortMain.emit (node:events:513:28)
    at Object.MessagePortMain._internalPort.emit (node:electron/js2c/utility_init:2:367) setContext undefined
2023-11-09 11:54:12.655 [error] Canceled: Canceled
    at new f (/Applications/Visual Studio Code.app/Contents/Resources/app/out/vs/workbench/api/node/extensionHostProcess.js:125:108614)
    at n.U (/Applications/Visual Studio Code.app/Contents/Resources/app/out/vs/workbench/api/node/extensionHostProcess.js:134:10873)
    at Proxy.F.<computed>.z.charCodeAt.F.<computed> (/Applications/Visual Studio Code.app/Contents/Resources/app/out/vs/workbench/api/node/extensionHostProcess.js:134:8315)
    at i.g (/Applications/Visual Studio Code.app/Contents/Resources/app/out/vs/workbench/api/node/extensionHostProcess.js:125:139130)
    at i.executeCommand (/Applications/Visual Studio Code.app/Contents/Resources/app/out/vs/workbench/api/node/extensionHostProcess.js:125:138568)
    at $.registerCommand.description (/Applications/Visual Studio Code.app/Contents/Resources/app/out/vs/workbench/api/node/extensionHostProcess.js:125:137892)
    at i.h (/Applications/Visual Studio Code.app/Contents/Resources/app/out/vs/workbench/api/node/extensionHostProcess.js:125:139669)
    at i.g (/Applications/Visual Studio Code.app/Contents/Resources/app/out/vs/workbench/api/node/extensionHostProcess.js:125:138661)
    at i.executeCommand (/Applications/Visual Studio Code.app/Contents/Resources/app/out/vs/workbench/api/node/extensionHostProcess.js:125:138568)
    at Object.executeCommand (/Applications/Visual Studio Code.app/Contents/Resources/app/out/vs/workbench/api/node/extensionHostProcess.js:140:21329)
    at Object.dispose (/Users/davidwijaya09/.vscode/extensions/wallabyjs.quokka-vscode-1.0.577/dist/index.js:6:73930)
    at /Users/davidwijaya09/.vscode/extensions/wallabyjs.quokka-vscode-1.0.577/dist/index.js:6:13143
    at Array.forEach (<anonymous>)
    at t.exports.dispose (/Users/davidwijaya09/.vscode/extensions/wallabyjs.quokka-vscode-1.0.577/dist/index.js:6:13130)
    at P.deactivate (/Users/davidwijaya09/.vscode/extensions/wallabyjs.quokka-vscode-1.0.577/dist/index.js:6:75197)
    at Object.dispose (/Users/davidwijaya09/.vscode/extensions/wallabyjs.quokka-vscode-1.0.577/dist/index.js:6:1096)
    at /Users/davidwijaya09/.vscode/extensions/wallabyjs.quokka-vscode-1.0.577/dist/index.js:6:13143
    at Array.forEach (<anonymous>)
    at t.exports.dispose (/Users/davidwijaya09/.vscode/extensions/wallabyjs.quokka-vscode-1.0.577/dist/index.js:6:13130)
    at h.deactivate (/Users/davidwijaya09/.vscode/extensions/wallabyjs.quokka-vscode-1.0.577/dist/index.js:6:3331)
    at Object.dispose (/Users/davidwijaya09/.vscode/extensions/wallabyjs.quokka-vscode-1.0.577/dist/index.js:6:3406)
    at o (/Applications/Visual Studio Code.app/Contents/Resources/app/out/vs/workbench/api/node/extensionHostProcess.js:30:754)
    at h.cb (/Applications/Visual Studio Code.app/Contents/Resources/app/out/vs/workbench/api/node/extensionHostProcess.js:136:9843)
    at /Applications/Visual Studio Code.app/Contents/Resources/app/out/vs/workbench/api/node/extensionHostProcess.js:136:7793
    at Array.map (<anonymous>)
    at h.Y (/Applications/Visual Studio Code.app/Contents/Resources/app/out/vs/workbench/api/node/extensionHostProcess.js:136:7781)
    at h.terminate (/Applications/Visual Studio Code.app/Contents/Resources/app/out/vs/workbench/api/node/extensionHostProcess.js:136:8051)
    at o.terminate (/Applications/Visual Studio Code.app/Contents/Resources/app/out/vs/workbench/api/node/extensionHostProcess.js:140:1513)
    at a (/Applications/Visual Studio Code.app/Contents/Resources/app/out/vs/workbench/api/node/extensionHostProcess.js:153:9817)
    at MessagePortMain.<anonymous> (/Applications/Visual Studio Code.app/Contents/Resources/app/out/vs/workbench/api/node/extensionHostProcess.js:153:6242)
    at MessagePortMain.emit (node:events:513:28)
    at Object.MessagePortMain._internalPort.emit (node:electron/js2c/utility_init:2:367) setContext undefined
2023-11-09 11:54:12.655 [error] ProxyResolver#resolveProxy DIRECT Canceled: Canceled
    at new f (/Applications/Visual Studio Code.app/Contents/Resources/app/out/vs/workbench/api/node/extensionHostProcess.js:125:108614)
    at n.U (/Applications/Visual Studio Code.app/Contents/Resources/app/out/vs/workbench/api/node/extensionHostProcess.js:134:10873)
    at Proxy.F.<computed>.z.charCodeAt.F.<computed> (/Applications/Visual Studio Code.app/Contents/Resources/app/out/vs/workbench/api/node/extensionHostProcess.js:134:8315)
    at w.resolveProxy (/Applications/Visual Studio Code.app/Contents/Resources/app/out/vs/workbench/api/node/extensionHostProcess.js:135:35123)
    at Object.resolveProxy (/Applications/Visual Studio Code.app/Contents/Resources/app/out/vs/workbench/api/node/extensionHostProcess.js:117:33286)
    at useProxySettings (/Applications/Visual Studio Code.app/Contents/Resources/app/node_modules.asar/@vscode/proxy-agent/out/index.js:165:16)
    at /Applications/Visual Studio Code.app/Contents/Resources/app/node_modules.asar/@vscode/proxy-agent/out/index.js:113:13
    at /Applications/Visual Studio Code.app/Contents/Resources/app/node_modules.asar/@vscode/proxy-agent/out/index.js:466:13 
2023-11-09 11:54:12.661 [info] Extension host with pid 39419 exiting with code 0
