2023-11-09 08:36:08.641 [info] Extension host with pid 32629 started
2023-11-09 08:36:08.815 [info] ExtensionService#_doActivateExtension vscode.git-base, startup: true, activationEvent: '*', root cause: vscode.git
2023-11-09 08:36:08.820 [info] ExtensionService#_doActivateExtension Blackboxapp.blackbox, startup: true, activationEvent: '*'
2023-11-09 08:36:09.023 [info] ExtensionService#_doActivateExtension christian-kohler.path-intellisense, startup: true, activationEvent: '*'
2023-11-09 08:36:09.041 [info] ExtensionService#_doActivateExtension ecmel.vscode-html-css, startup: true, activationEvent: '*'
2023-11-09 08:36:09.080 [info] ExtensionService#_doActivateExtension formulahendry.auto-close-tag, startup: true, activationEvent: '*'
2023-11-09 08:36:09.084 [info] ExtensionService#_doActivateExtension formulahendry.auto-rename-tag, startup: true, activationEvent: '*'
2023-11-09 08:36:09.105 [info] ExtensionService#_doActivateExtension naumovs.color-highlight, startup: true, activationEvent: '*'
2023-11-09 08:36:09.119 [info] ExtensionService#_doActivateExtension vincaslt.highlight-matching-tag, startup: true, activationEvent: '*'
2023-11-09 08:36:09.130 [info] ExtensionService#_doActivateExtension WakaTime.vscode-wakatime, startup: true, activationEvent: '*'
2023-11-09 08:36:09.173 [info] ExtensionService#_doActivateExtension WallabyJs.quokka-vscode, startup: true, activationEvent: '*'
2023-11-09 08:36:09.175 [info] ExtensionService#_doActivateExtension Zignd.html-css-class-completion, startup: true, activationEvent: '*'
2023-11-09 08:36:09.445 [info] ExtensionService#_doActivateExtension vscode.git, startup: true, activationEvent: '*'
2023-11-09 08:36:09.496 [info] ExtensionService#_doActivateExtension vscode.github, startup: true, activationEvent: '*'
2023-11-09 08:36:09.529 [info] ExtensionService#_doActivateExtension ms-vsliveshare.vsliveshare, startup: false, activationEvent: 'api', root cause: WallabyJs.quokka-vscode
2023-11-09 08:36:09.840 [info] Eager extensions activated
2023-11-09 08:36:09.914 [info] ExtensionService#_doActivateExtension vscode.debug-auto-launch, startup: false, activationEvent: 'onStartupFinished'
2023-11-09 08:36:09.916 [info] ExtensionService#_doActivateExtension vscode.merge-conflict, startup: false, activationEvent: 'onStartupFinished'
2023-11-09 08:36:09.933 [info] ExtensionService#_doActivateExtension aaron-bond.better-comments, startup: false, activationEvent: 'onStartupFinished'
2023-11-09 08:36:09.939 [info] ExtensionService#_doActivateExtension bradlc.vscode-tailwindcss, startup: false, activationEvent: 'onStartupFinished'
2023-11-09 08:36:09.978 [info] ExtensionService#_doActivateExtension cweijan.vscode-postgresql-client2, startup: false, activationEvent: 'onStartupFinished'
2023-11-09 08:36:10.285 [info] ExtensionService#_doActivateExtension dbaeumer.vscode-eslint, startup: false, activationEvent: 'onStartupFinished'
2023-11-09 08:36:10.305 [info] ExtensionService#_doActivateExtension dsznajder.es7-react-js-snippets, startup: false, activationEvent: 'onStartupFinished'
2023-11-09 08:36:10.609 [info] ExtensionService#_doActivateExtension eamodio.gitlens, startup: false, activationEvent: 'onStartupFinished'
2023-11-09 08:36:10.663 [info] ExtensionService#_doActivateExtension Equinusocio.vsc-material-theme, startup: false, activationEvent: 'onStartupFinished'
2023-11-09 08:36:10.670 [info] ExtensionService#_doActivateExtension equinusocio.vsc-material-theme-icons, startup: false, activationEvent: 'onStartupFinished'
2023-11-09 08:36:10.707 [info] ExtensionService#_doActivateExtension esbenp.prettier-vscode, startup: false, activationEvent: 'onStartupFinished'
2023-11-09 08:36:10.754 [info] ExtensionService#_doActivateExtension github.classroom, startup: false, activationEvent: 'onStartupFinished'
2023-11-09 08:36:10.789 [info] ExtensionService#_doActivateExtension vscode.github-authentication, startup: false, activationEvent: 'onStartupFinished', root cause: GitHub.vscode-pull-request-github
2023-11-09 08:36:10.809 [info] ExtensionService#_doActivateExtension Gruntfuggly.todo-tree, startup: false, activationEvent: 'onStartupFinished'
2023-11-09 08:36:10.836 [info] ExtensionService#_doActivateExtension PKief.material-icon-theme, startup: false, activationEvent: 'onStartupFinished'
2023-11-09 08:36:10.848 [info] ExtensionService#_doActivateExtension ritwickdey.LiveServer, startup: false, activationEvent: 'onStartupFinished'
2023-11-09 08:36:10.854 [info] ExtensionService#_doActivateExtension streetsidesoftware.code-spell-checker, startup: false, activationEvent: 'onStartupFinished'
2023-11-09 08:36:10.929 [info] ExtensionService#_doActivateExtension TabNine.tabnine-vscode, startup: false, activationEvent: 'onStartupFinished'
2023-11-09 08:36:10.966 [info] ExtensionService#_doActivateExtension usernamehw.errorlens, startup: false, activationEvent: 'onStartupFinished'
2023-11-09 08:36:10.969 [info] ExtensionService#_doActivateExtension vscode-icons-team.vscode-icons, startup: false, activationEvent: 'onStartupFinished'
2023-11-09 08:36:11.000 [info] ExtensionService#_doActivateExtension zhuangtongfa.material-theme, startup: false, activationEvent: 'onStartupFinished'
2023-11-09 08:36:11.404 [info] ExtensionService#_doActivateExtension GitHub.vscode-pull-request-github, startup: false, activationEvent: 'onStartupFinished'
2023-11-09 08:36:11.519 [info] ExtensionService#_doActivateExtension vscode.json-language-features, startup: false, activationEvent: 'onLanguage:jsonc'
2023-11-09 08:36:11.553 [info] ExtensionService#_doActivateExtension vscode.typescript-language-features, startup: false, activationEvent: 'onLanguage:jsonc'
2023-11-09 08:36:11.583 [info] ExtensionService#_doActivateExtension rvest.vs-code-prettier-eslint, startup: false, activationEvent: 'onLanguage:jsonc'
2023-11-09 08:36:11.646 [info] ExtensionService#_doActivateExtension vscode.emmet, startup: false, activationEvent: 'onLanguage'
2023-11-09 08:36:12.330 [info] Extension host terminating: renderer closed the MessagePort
2023-11-09 08:36:12.346 [error] An error occurred when deactivating the subscriptions for extension 'Gruntfuggly.todo-tree':
2023-11-09 08:36:12.347 [error] AggregateError: Encountered errors while disposing of store
    at o (/Applications/Visual Studio Code.app/Contents/Resources/app/out/vs/workbench/api/node/extensionHostProcess.js:30:830)
    at h.cb (/Applications/Visual Studio Code.app/Contents/Resources/app/out/vs/workbench/api/node/extensionHostProcess.js:136:9843)
    at /Applications/Visual Studio Code.app/Contents/Resources/app/out/vs/workbench/api/node/extensionHostProcess.js:136:7793
    at Array.map (<anonymous>)
    at h.Y (/Applications/Visual Studio Code.app/Contents/Resources/app/out/vs/workbench/api/node/extensionHostProcess.js:136:7781)
    at h.terminate (/Applications/Visual Studio Code.app/Contents/Resources/app/out/vs/workbench/api/node/extensionHostProcess.js:136:8051)
    at o.terminate (/Applications/Visual Studio Code.app/Contents/Resources/app/out/vs/workbench/api/node/extensionHostProcess.js:140:1513)
    at a (/Applications/Visual Studio Code.app/Contents/Resources/app/out/vs/workbench/api/node/extensionHostProcess.js:153:9817)
    at MessagePortMain.<anonymous> (/Applications/Visual Studio Code.app/Contents/Resources/app/out/vs/workbench/api/node/extensionHostProcess.js:153:6242)
    at MessagePortMain.emit (node:events:513:28)
    at Object.MessagePortMain._internalPort.emit (node:electron/js2c/utility_init:2:367)
2023-11-09 08:36:12.352 [error] Canceled: Canceled
    at Object.P [as $6] (/Applications/Visual Studio Code.app/Contents/Resources/app/out/vs/workbench/api/node/extensionHostProcess.js:10:1032)
    at /Applications/Visual Studio Code.app/Contents/Resources/app/out/vs/workbench/api/node/extensionHostProcess.js:134:7673
    at Array.forEach (<anonymous>)
    at n.dispose (/Applications/Visual Studio Code.app/Contents/Resources/app/out/vs/workbench/api/node/extensionHostProcess.js:134:7611)
    at h.terminate (/Applications/Visual Studio Code.app/Contents/Resources/app/out/vs/workbench/api/node/extensionHostProcess.js:136:8028)
    at o.terminate (/Applications/Visual Studio Code.app/Contents/Resources/app/out/vs/workbench/api/node/extensionHostProcess.js:140:1513)
    at a (/Applications/Visual Studio Code.app/Contents/Resources/app/out/vs/workbench/api/node/extensionHostProcess.js:153:9817)
    at MessagePortMain.<anonymous> (/Applications/Visual Studio Code.app/Contents/Resources/app/out/vs/workbench/api/node/extensionHostProcess.js:153:6242)
    at MessagePortMain.emit (node:events:513:28)
    at Object.MessagePortMain._internalPort.emit (node:electron/js2c/utility_init:2:367) setContext undefined
2023-11-09 08:36:12.352 [error] Canceled: Canceled
    at Object.P [as $6] (/Applications/Visual Studio Code.app/Contents/Resources/app/out/vs/workbench/api/node/extensionHostProcess.js:10:1032)
    at /Applications/Visual Studio Code.app/Contents/Resources/app/out/vs/workbench/api/node/extensionHostProcess.js:134:7673
    at Array.forEach (<anonymous>)
    at n.dispose (/Applications/Visual Studio Code.app/Contents/Resources/app/out/vs/workbench/api/node/extensionHostProcess.js:134:7611)
    at h.terminate (/Applications/Visual Studio Code.app/Contents/Resources/app/out/vs/workbench/api/node/extensionHostProcess.js:136:8028)
    at o.terminate (/Applications/Visual Studio Code.app/Contents/Resources/app/out/vs/workbench/api/node/extensionHostProcess.js:140:1513)
    at a (/Applications/Visual Studio Code.app/Contents/Resources/app/out/vs/workbench/api/node/extensionHostProcess.js:153:9817)
    at MessagePortMain.<anonymous> (/Applications/Visual Studio Code.app/Contents/Resources/app/out/vs/workbench/api/node/extensionHostProcess.js:153:6242)
    at MessagePortMain.emit (node:events:513:28)
    at Object.MessagePortMain._internalPort.emit (node:electron/js2c/utility_init:2:367) setContext undefined
2023-11-09 08:36:12.352 [error] Canceled: Canceled
    at Object.P [as $6] (/Applications/Visual Studio Code.app/Contents/Resources/app/out/vs/workbench/api/node/extensionHostProcess.js:10:1032)
    at /Applications/Visual Studio Code.app/Contents/Resources/app/out/vs/workbench/api/node/extensionHostProcess.js:134:7673
    at Array.forEach (<anonymous>)
    at n.dispose (/Applications/Visual Studio Code.app/Contents/Resources/app/out/vs/workbench/api/node/extensionHostProcess.js:134:7611)
    at h.terminate (/Applications/Visual Studio Code.app/Contents/Resources/app/out/vs/workbench/api/node/extensionHostProcess.js:136:8028)
    at o.terminate (/Applications/Visual Studio Code.app/Contents/Resources/app/out/vs/workbench/api/node/extensionHostProcess.js:140:1513)
    at a (/Applications/Visual Studio Code.app/Contents/Resources/app/out/vs/workbench/api/node/extensionHostProcess.js:153:9817)
    at MessagePortMain.<anonymous> (/Applications/Visual Studio Code.app/Contents/Resources/app/out/vs/workbench/api/node/extensionHostProcess.js:153:6242)
    at MessagePortMain.emit (node:events:513:28)
    at Object.MessagePortMain._internalPort.emit (node:electron/js2c/utility_init:2:367) setContext undefined
2023-11-09 08:36:12.352 [error] Canceled: Canceled
    at Object.P [as $6] (/Applications/Visual Studio Code.app/Contents/Resources/app/out/vs/workbench/api/node/extensionHostProcess.js:10:1032)
    at /Applications/Visual Studio Code.app/Contents/Resources/app/out/vs/workbench/api/node/extensionHostProcess.js:134:7673
    at Array.forEach (<anonymous>)
    at n.dispose (/Applications/Visual Studio Code.app/Contents/Resources/app/out/vs/workbench/api/node/extensionHostProcess.js:134:7611)
    at h.terminate (/Applications/Visual Studio Code.app/Contents/Resources/app/out/vs/workbench/api/node/extensionHostProcess.js:136:8028)
    at o.terminate (/Applications/Visual Studio Code.app/Contents/Resources/app/out/vs/workbench/api/node/extensionHostProcess.js:140:1513)
    at a (/Applications/Visual Studio Code.app/Contents/Resources/app/out/vs/workbench/api/node/extensionHostProcess.js:153:9817)
    at MessagePortMain.<anonymous> (/Applications/Visual Studio Code.app/Contents/Resources/app/out/vs/workbench/api/node/extensionHostProcess.js:153:6242)
    at MessagePortMain.emit (node:events:513:28)
    at Object.MessagePortMain._internalPort.emit (node:electron/js2c/utility_init:2:367) setContext undefined
2023-11-09 08:36:12.355 [error] Canceled: Canceled
    at new f (/Applications/Visual Studio Code.app/Contents/Resources/app/out/vs/workbench/api/node/extensionHostProcess.js:125:108614)
    at n.U (/Applications/Visual Studio Code.app/Contents/Resources/app/out/vs/workbench/api/node/extensionHostProcess.js:134:10873)
    at Proxy.F.<computed>.z.charCodeAt.F.<computed> (/Applications/Visual Studio Code.app/Contents/Resources/app/out/vs/workbench/api/node/extensionHostProcess.js:134:8315)
    at i.g (/Applications/Visual Studio Code.app/Contents/Resources/app/out/vs/workbench/api/node/extensionHostProcess.js:125:139130)
    at i.executeCommand (/Applications/Visual Studio Code.app/Contents/Resources/app/out/vs/workbench/api/node/extensionHostProcess.js:125:138568)
    at $.registerCommand.description (/Applications/Visual Studio Code.app/Contents/Resources/app/out/vs/workbench/api/node/extensionHostProcess.js:125:137892)
    at i.h (/Applications/Visual Studio Code.app/Contents/Resources/app/out/vs/workbench/api/node/extensionHostProcess.js:125:139669)
    at i.g (/Applications/Visual Studio Code.app/Contents/Resources/app/out/vs/workbench/api/node/extensionHostProcess.js:125:138661)
    at i.executeCommand (/Applications/Visual Studio Code.app/Contents/Resources/app/out/vs/workbench/api/node/extensionHostProcess.js:125:138568)
    at Object.executeCommand (/Applications/Visual Studio Code.app/Contents/Resources/app/out/vs/workbench/api/node/extensionHostProcess.js:140:21329)
    at w (/Users/davidwijaya09/.vscode/extensions/eamodio.gitlens-2023.11.817/dist/gitlens.js:1:1106467)
    at l (/Users/davidwijaya09/.vscode/extensions/eamodio.gitlens-2023.11.817/dist/gitlens.js:1:1111110)
    at ActionRunners._updateContextKeys (/Users/davidwijaya09/.vscode/extensions/eamodio.gitlens-2023.11.817/dist/gitlens.js:1:39035)
    at s (/Users/davidwijaya09/.vscode/extensions/eamodio.gitlens-2023.11.817/dist/gitlens.js:1:37454)
    at RegisteredActionRunner.unregister (/Users/davidwijaya09/.vscode/extensions/eamodio.gitlens-2023.11.817/dist/gitlens.js:1:37598)
    at RegisteredActionRunner.dispose (/Users/davidwijaya09/.vscode/extensions/eamodio.gitlens-2023.11.817/dist/gitlens.js:1:36261)
    at ActionRunners.dispose (/Users/davidwijaya09/.vscode/extensions/eamodio.gitlens-2023.11.817/dist/gitlens.js:1:37040)
    at /Users/davidwijaya09/.vscode/extensions/eamodio.gitlens-2023.11.817/dist/gitlens.js:1:796918
    at Array.forEach (<anonymous>)
    at Object.dispose (/Users/davidwijaya09/.vscode/extensions/eamodio.gitlens-2023.11.817/dist/gitlens.js:1:796903)
    at o (/Applications/Visual Studio Code.app/Contents/Resources/app/out/vs/workbench/api/node/extensionHostProcess.js:30:754)
    at h.cb (/Applications/Visual Studio Code.app/Contents/Resources/app/out/vs/workbench/api/node/extensionHostProcess.js:136:9843)
    at /Applications/Visual Studio Code.app/Contents/Resources/app/out/vs/workbench/api/node/extensionHostProcess.js:136:7793
    at Array.map (<anonymous>)
    at h.Y (/Applications/Visual Studio Code.app/Contents/Resources/app/out/vs/workbench/api/node/extensionHostProcess.js:136:7781)
    at h.terminate (/Applications/Visual Studio Code.app/Contents/Resources/app/out/vs/workbench/api/node/extensionHostProcess.js:136:8051)
    at o.terminate (/Applications/Visual Studio Code.app/Contents/Resources/app/out/vs/workbench/api/node/extensionHostProcess.js:140:1513)
    at a (/Applications/Visual Studio Code.app/Contents/Resources/app/out/vs/workbench/api/node/extensionHostProcess.js:153:9817)
    at MessagePortMain.<anonymous> (/Applications/Visual Studio Code.app/Contents/Resources/app/out/vs/workbench/api/node/extensionHostProcess.js:153:6242)
    at MessagePortMain.emit (node:events:513:28)
    at Object.MessagePortMain._internalPort.emit (node:electron/js2c/utility_init:2:367) setContext undefined
2023-11-09 08:36:12.355 [error] Canceled: Canceled
    at new f (/Applications/Visual Studio Code.app/Contents/Resources/app/out/vs/workbench/api/node/extensionHostProcess.js:125:108614)
    at n.U (/Applications/Visual Studio Code.app/Contents/Resources/app/out/vs/workbench/api/node/extensionHostProcess.js:134:10873)
    at Proxy.F.<computed>.z.charCodeAt.F.<computed> (/Applications/Visual Studio Code.app/Contents/Resources/app/out/vs/workbench/api/node/extensionHostProcess.js:134:8315)
    at i.g (/Applications/Visual Studio Code.app/Contents/Resources/app/out/vs/workbench/api/node/extensionHostProcess.js:125:139130)
    at i.executeCommand (/Applications/Visual Studio Code.app/Contents/Resources/app/out/vs/workbench/api/node/extensionHostProcess.js:125:138568)
    at $.registerCommand.description (/Applications/Visual Studio Code.app/Contents/Resources/app/out/vs/workbench/api/node/extensionHostProcess.js:125:137892)
    at i.h (/Applications/Visual Studio Code.app/Contents/Resources/app/out/vs/workbench/api/node/extensionHostProcess.js:125:139669)
    at i.g (/Applications/Visual Studio Code.app/Contents/Resources/app/out/vs/workbench/api/node/extensionHostProcess.js:125:138661)
    at i.executeCommand (/Applications/Visual Studio Code.app/Contents/Resources/app/out/vs/workbench/api/node/extensionHostProcess.js:125:138568)
    at Object.executeCommand (/Applications/Visual Studio Code.app/Contents/Resources/app/out/vs/workbench/api/node/extensionHostProcess.js:140:21329)
    at w (/Users/davidwijaya09/.vscode/extensions/eamodio.gitlens-2023.11.817/dist/gitlens.js:1:1106467)
    at l (/Users/davidwijaya09/.vscode/extensions/eamodio.gitlens-2023.11.817/dist/gitlens.js:1:1111110)
    at ActionRunners._updateContextKeys (/Users/davidwijaya09/.vscode/extensions/eamodio.gitlens-2023.11.817/dist/gitlens.js:1:39035)
    at s (/Users/davidwijaya09/.vscode/extensions/eamodio.gitlens-2023.11.817/dist/gitlens.js:1:37454)
    at RegisteredActionRunner.unregister (/Users/davidwijaya09/.vscode/extensions/eamodio.gitlens-2023.11.817/dist/gitlens.js:1:37598)
    at RegisteredActionRunner.dispose (/Users/davidwijaya09/.vscode/extensions/eamodio.gitlens-2023.11.817/dist/gitlens.js:1:36261)
    at ActionRunners.dispose (/Users/davidwijaya09/.vscode/extensions/eamodio.gitlens-2023.11.817/dist/gitlens.js:1:37040)
    at /Users/davidwijaya09/.vscode/extensions/eamodio.gitlens-2023.11.817/dist/gitlens.js:1:796918
    at Array.forEach (<anonymous>)
    at Object.dispose (/Users/davidwijaya09/.vscode/extensions/eamodio.gitlens-2023.11.817/dist/gitlens.js:1:796903)
    at o (/Applications/Visual Studio Code.app/Contents/Resources/app/out/vs/workbench/api/node/extensionHostProcess.js:30:754)
    at h.cb (/Applications/Visual Studio Code.app/Contents/Resources/app/out/vs/workbench/api/node/extensionHostProcess.js:136:9843)
    at /Applications/Visual Studio Code.app/Contents/Resources/app/out/vs/workbench/api/node/extensionHostProcess.js:136:7793
    at Array.map (<anonymous>)
    at h.Y (/Applications/Visual Studio Code.app/Contents/Resources/app/out/vs/workbench/api/node/extensionHostProcess.js:136:7781)
    at h.terminate (/Applications/Visual Studio Code.app/Contents/Resources/app/out/vs/workbench/api/node/extensionHostProcess.js:136:8051)
    at o.terminate (/Applications/Visual Studio Code.app/Contents/Resources/app/out/vs/workbench/api/node/extensionHostProcess.js:140:1513)
    at a (/Applications/Visual Studio Code.app/Contents/Resources/app/out/vs/workbench/api/node/extensionHostProcess.js:153:9817)
    at MessagePortMain.<anonymous> (/Applications/Visual Studio Code.app/Contents/Resources/app/out/vs/workbench/api/node/extensionHostProcess.js:153:6242)
    at MessagePortMain.emit (node:events:513:28)
    at Object.MessagePortMain._internalPort.emit (node:electron/js2c/utility_init:2:367) setContext undefined
2023-11-09 08:36:12.355 [error] Canceled: Canceled
    at new f (/Applications/Visual Studio Code.app/Contents/Resources/app/out/vs/workbench/api/node/extensionHostProcess.js:125:108614)
    at n.U (/Applications/Visual Studio Code.app/Contents/Resources/app/out/vs/workbench/api/node/extensionHostProcess.js:134:10873)
    at Proxy.F.<computed>.z.charCodeAt.F.<computed> (/Applications/Visual Studio Code.app/Contents/Resources/app/out/vs/workbench/api/node/extensionHostProcess.js:134:8315)
    at i.g (/Applications/Visual Studio Code.app/Contents/Resources/app/out/vs/workbench/api/node/extensionHostProcess.js:125:139130)
    at i.executeCommand (/Applications/Visual Studio Code.app/Contents/Resources/app/out/vs/workbench/api/node/extensionHostProcess.js:125:138568)
    at $.registerCommand.description (/Applications/Visual Studio Code.app/Contents/Resources/app/out/vs/workbench/api/node/extensionHostProcess.js:125:137892)
    at i.h (/Applications/Visual Studio Code.app/Contents/Resources/app/out/vs/workbench/api/node/extensionHostProcess.js:125:139669)
    at i.g (/Applications/Visual Studio Code.app/Contents/Resources/app/out/vs/workbench/api/node/extensionHostProcess.js:125:138661)
    at i.executeCommand (/Applications/Visual Studio Code.app/Contents/Resources/app/out/vs/workbench/api/node/extensionHostProcess.js:125:138568)
    at Object.executeCommand (/Applications/Visual Studio Code.app/Contents/Resources/app/out/vs/workbench/api/node/extensionHostProcess.js:140:21329)
    at w (/Users/davidwijaya09/.vscode/extensions/eamodio.gitlens-2023.11.817/dist/gitlens.js:1:1106467)
    at l (/Users/davidwijaya09/.vscode/extensions/eamodio.gitlens-2023.11.817/dist/gitlens.js:1:1111110)
    at ActionRunners._updateContextKeys (/Users/davidwijaya09/.vscode/extensions/eamodio.gitlens-2023.11.817/dist/gitlens.js:1:39035)
    at s (/Users/davidwijaya09/.vscode/extensions/eamodio.gitlens-2023.11.817/dist/gitlens.js:1:37454)
    at RegisteredActionRunner.unregister (/Users/davidwijaya09/.vscode/extensions/eamodio.gitlens-2023.11.817/dist/gitlens.js:1:37598)
    at RegisteredActionRunner.dispose (/Users/davidwijaya09/.vscode/extensions/eamodio.gitlens-2023.11.817/dist/gitlens.js:1:36261)
    at Object.dispose (/Users/davidwijaya09/.vscode/extensions/eamodio.gitlens-2023.11.817/dist/gitlens.js:1:37695)
    at o (/Applications/Visual Studio Code.app/Contents/Resources/app/out/vs/workbench/api/node/extensionHostProcess.js:30:754)
    at h.cb (/Applications/Visual Studio Code.app/Contents/Resources/app/out/vs/workbench/api/node/extensionHostProcess.js:136:9843)
    at /Applications/Visual Studio Code.app/Contents/Resources/app/out/vs/workbench/api/node/extensionHostProcess.js:136:7793
    at Array.map (<anonymous>)
    at h.Y (/Applications/Visual Studio Code.app/Contents/Resources/app/out/vs/workbench/api/node/extensionHostProcess.js:136:7781)
    at h.terminate (/Applications/Visual Studio Code.app/Contents/Resources/app/out/vs/workbench/api/node/extensionHostProcess.js:136:8051)
    at o.terminate (/Applications/Visual Studio Code.app/Contents/Resources/app/out/vs/workbench/api/node/extensionHostProcess.js:140:1513)
    at a (/Applications/Visual Studio Code.app/Contents/Resources/app/out/vs/workbench/api/node/extensionHostProcess.js:153:9817)
    at MessagePortMain.<anonymous> (/Applications/Visual Studio Code.app/Contents/Resources/app/out/vs/workbench/api/node/extensionHostProcess.js:153:6242)
    at MessagePortMain.emit (node:events:513:28)
    at Object.MessagePortMain._internalPort.emit (node:electron/js2c/utility_init:2:367) setContext undefined
2023-11-09 08:36:12.356 [error] Canceled: Canceled
    at new f (/Applications/Visual Studio Code.app/Contents/Resources/app/out/vs/workbench/api/node/extensionHostProcess.js:125:108614)
    at n.U (/Applications/Visual Studio Code.app/Contents/Resources/app/out/vs/workbench/api/node/extensionHostProcess.js:134:10873)
    at Proxy.F.<computed>.z.charCodeAt.F.<computed> (/Applications/Visual Studio Code.app/Contents/Resources/app/out/vs/workbench/api/node/extensionHostProcess.js:134:8315)
    at i.g (/Applications/Visual Studio Code.app/Contents/Resources/app/out/vs/workbench/api/node/extensionHostProcess.js:125:139130)
    at i.executeCommand (/Applications/Visual Studio Code.app/Contents/Resources/app/out/vs/workbench/api/node/extensionHostProcess.js:125:138568)
    at $.registerCommand.description (/Applications/Visual Studio Code.app/Contents/Resources/app/out/vs/workbench/api/node/extensionHostProcess.js:125:137892)
    at i.h (/Applications/Visual Studio Code.app/Contents/Resources/app/out/vs/workbench/api/node/extensionHostProcess.js:125:139669)
    at i.g (/Applications/Visual Studio Code.app/Contents/Resources/app/out/vs/workbench/api/node/extensionHostProcess.js:125:138661)
    at i.executeCommand (/Applications/Visual Studio Code.app/Contents/Resources/app/out/vs/workbench/api/node/extensionHostProcess.js:125:138568)
    at Object.executeCommand (/Applications/Visual Studio Code.app/Contents/Resources/app/out/vs/workbench/api/node/extensionHostProcess.js:140:21329)
    at Object.dispose (/Users/davidwijaya09/.vscode/extensions/wallabyjs.quokka-vscode-1.0.577/dist/index.js:6:73930)
    at /Users/davidwijaya09/.vscode/extensions/wallabyjs.quokka-vscode-1.0.577/dist/index.js:6:13143
    at Array.forEach (<anonymous>)
    at t.exports.dispose (/Users/davidwijaya09/.vscode/extensions/wallabyjs.quokka-vscode-1.0.577/dist/index.js:6:13130)
    at P.deactivate (/Users/davidwijaya09/.vscode/extensions/wallabyjs.quokka-vscode-1.0.577/dist/index.js:6:75197)
    at Object.dispose (/Users/davidwijaya09/.vscode/extensions/wallabyjs.quokka-vscode-1.0.577/dist/index.js:6:1096)
    at /Users/davidwijaya09/.vscode/extensions/wallabyjs.quokka-vscode-1.0.577/dist/index.js:6:13143
    at Array.forEach (<anonymous>)
    at t.exports.dispose (/Users/davidwijaya09/.vscode/extensions/wallabyjs.quokka-vscode-1.0.577/dist/index.js:6:13130)
    at h.deactivate (/Users/davidwijaya09/.vscode/extensions/wallabyjs.quokka-vscode-1.0.577/dist/index.js:6:3331)
    at Object.dispose (/Users/davidwijaya09/.vscode/extensions/wallabyjs.quokka-vscode-1.0.577/dist/index.js:6:3406)
    at o (/Applications/Visual Studio Code.app/Contents/Resources/app/out/vs/workbench/api/node/extensionHostProcess.js:30:754)
    at h.cb (/Applications/Visual Studio Code.app/Contents/Resources/app/out/vs/workbench/api/node/extensionHostProcess.js:136:9843)
    at /Applications/Visual Studio Code.app/Contents/Resources/app/out/vs/workbench/api/node/extensionHostProcess.js:136:7793
    at Array.map (<anonymous>)
    at h.Y (/Applications/Visual Studio Code.app/Contents/Resources/app/out/vs/workbench/api/node/extensionHostProcess.js:136:7781)
    at h.terminate (/Applications/Visual Studio Code.app/Contents/Resources/app/out/vs/workbench/api/node/extensionHostProcess.js:136:8051)
    at o.terminate (/Applications/Visual Studio Code.app/Contents/Resources/app/out/vs/workbench/api/node/extensionHostProcess.js:140:1513)
    at a (/Applications/Visual Studio Code.app/Contents/Resources/app/out/vs/workbench/api/node/extensionHostProcess.js:153:9817)
    at MessagePortMain.<anonymous> (/Applications/Visual Studio Code.app/Contents/Resources/app/out/vs/workbench/api/node/extensionHostProcess.js:153:6242)
    at MessagePortMain.emit (node:events:513:28)
    at Object.MessagePortMain._internalPort.emit (node:electron/js2c/utility_init:2:367) setContext undefined
2023-11-09 08:36:12.359 [error] Canceled: Canceled
    at new f (/Applications/Visual Studio Code.app/Contents/Resources/app/out/vs/workbench/api/node/extensionHostProcess.js:125:108614)
    at n.U (/Applications/Visual Studio Code.app/Contents/Resources/app/out/vs/workbench/api/node/extensionHostProcess.js:134:10873)
    at Proxy.F.<computed>.z.charCodeAt.F.<computed> (/Applications/Visual Studio Code.app/Contents/Resources/app/out/vs/workbench/api/node/extensionHostProcess.js:134:8315)
    at i.g (/Applications/Visual Studio Code.app/Contents/Resources/app/out/vs/workbench/api/node/extensionHostProcess.js:125:139130)
    at i.executeCommand (/Applications/Visual Studio Code.app/Contents/Resources/app/out/vs/workbench/api/node/extensionHostProcess.js:125:138568)
    at $.registerCommand.description (/Applications/Visual Studio Code.app/Contents/Resources/app/out/vs/workbench/api/node/extensionHostProcess.js:125:137892)
    at i.h (/Applications/Visual Studio Code.app/Contents/Resources/app/out/vs/workbench/api/node/extensionHostProcess.js:125:139669)
    at i.g (/Applications/Visual Studio Code.app/Contents/Resources/app/out/vs/workbench/api/node/extensionHostProcess.js:125:138661)
    at i.executeCommand (/Applications/Visual Studio Code.app/Contents/Resources/app/out/vs/workbench/api/node/extensionHostProcess.js:125:138568)
    at Object.executeCommand (/Applications/Visual Studio Code.app/Contents/Resources/app/out/vs/workbench/api/node/extensionHostProcess.js:140:21329)
    at Function.<anonymous> (/Users/davidwijaya09/.vscode/extensions/ms-vsliveshare.vsliveshare-1.0.5892/extension.js:394:712938)
    at Generator.next (<anonymous>)
    at /Users/davidwijaya09/.vscode/extensions/ms-vsliveshare.vsliveshare-1.0.5892/extension.js:394:711653
    at new Promise (<anonymous>)
    at v (/Users/davidwijaya09/.vscode/extensions/ms-vsliveshare.vsliveshare-1.0.5892/extension.js:394:711339)
    at Function.setCommandContext (/Users/davidwijaya09/.vscode/extensions/ms-vsliveshare.vsliveshare-1.0.5892/extension.js:394:712854)
    at SessionContext.onSessionStateChanged (/Users/davidwijaya09/.vscode/extensions/ms-vsliveshare.vsliveshare-1.0.5892/extension.js:394:209666)
    at c.y (/Applications/Visual Studio Code.app/Contents/Resources/app/out/vs/workbench/api/node/extensionHostProcess.js:80:1902)
    at c.z (/Applications/Visual Studio Code.app/Contents/Resources/app/out/vs/workbench/api/node/extensionHostProcess.js:80:1972)
    at c.fire (/Applications/Visual Studio Code.app/Contents/Resources/app/out/vs/workbench/api/node/extensionHostProcess.js:80:2188)
    at SessionStateTracker.setState (/Users/davidwijaya09/.vscode/extensions/ms-vsliveshare.vsliveshare-1.0.5892/extension.js:394:214149)
    at SessionStateTracker.transition (/Users/davidwijaya09/.vscode/extensions/ms-vsliveshare.vsliveshare-1.0.5892/extension.js:394:213858)
    at AuthenticationFlow.<anonymous> (/Users/davidwijaya09/.vscode/extensions/ms-vsliveshare.vsliveshare-1.0.5892/extension.js:394:259877)
    at Generator.next (<anonymous>)
    at /Users/davidwijaya09/.vscode/extensions/ms-vsliveshare.vsliveshare-1.0.5892/extension.js:394:254648
    at new Promise (<anonymous>)
    at v (/Users/davidwijaya09/.vscode/extensions/ms-vsliveshare.vsliveshare-1.0.5892/extension.js:394:254334)
    at AuthenticationFlow.processAuthResult (/Users/davidwijaya09/.vscode/extensions/ms-vsliveshare.vsliveshare-1.0.5892/extension.js:394:259133)
    at AuthenticationFlow.<anonymous> (/Users/davidwijaya09/.vscode/extensions/ms-vsliveshare.vsliveshare-1.0.5892/extension.js:394:255686)
    at Generator.next (<anonymous>)
    at fulfilled (/Users/davidwijaya09/.vscode/extensions/ms-vsliveshare.vsliveshare-1.0.5892/extension.js:394:254402) setContext undefined
2023-11-09 08:36:12.359 [error] Canceled: Canceled
    at new f (/Applications/Visual Studio Code.app/Contents/Resources/app/out/vs/workbench/api/node/extensionHostProcess.js:125:108614)
    at n.U (/Applications/Visual Studio Code.app/Contents/Resources/app/out/vs/workbench/api/node/extensionHostProcess.js:134:10873)
    at Proxy.F.<computed>.z.charCodeAt.F.<computed> (/Applications/Visual Studio Code.app/Contents/Resources/app/out/vs/workbench/api/node/extensionHostProcess.js:134:8315)
    at i.g (/Applications/Visual Studio Code.app/Contents/Resources/app/out/vs/workbench/api/node/extensionHostProcess.js:125:139130)
    at i.executeCommand (/Applications/Visual Studio Code.app/Contents/Resources/app/out/vs/workbench/api/node/extensionHostProcess.js:125:138568)
    at $.registerCommand.description (/Applications/Visual Studio Code.app/Contents/Resources/app/out/vs/workbench/api/node/extensionHostProcess.js:125:137892)
    at i.h (/Applications/Visual Studio Code.app/Contents/Resources/app/out/vs/workbench/api/node/extensionHostProcess.js:125:139669)
    at i.g (/Applications/Visual Studio Code.app/Contents/Resources/app/out/vs/workbench/api/node/extensionHostProcess.js:125:138661)
    at i.executeCommand (/Applications/Visual Studio Code.app/Contents/Resources/app/out/vs/workbench/api/node/extensionHostProcess.js:125:138568)
    at Object.executeCommand (/Applications/Visual Studio Code.app/Contents/Resources/app/out/vs/workbench/api/node/extensionHostProcess.js:140:21329)
    at Function.<anonymous> (/Users/davidwijaya09/.vscode/extensions/ms-vsliveshare.vsliveshare-1.0.5892/extension.js:394:712938)
    at Generator.next (<anonymous>)
    at /Users/davidwijaya09/.vscode/extensions/ms-vsliveshare.vsliveshare-1.0.5892/extension.js:394:711653
    at new Promise (<anonymous>)
    at v (/Users/davidwijaya09/.vscode/extensions/ms-vsliveshare.vsliveshare-1.0.5892/extension.js:394:711339)
    at Function.setCommandContext (/Users/davidwijaya09/.vscode/extensions/ms-vsliveshare.vsliveshare-1.0.5892/extension.js:394:712854)
    at SessionContext.onSessionStateChanged (/Users/davidwijaya09/.vscode/extensions/ms-vsliveshare.vsliveshare-1.0.5892/extension.js:394:209737)
    at c.y (/Applications/Visual Studio Code.app/Contents/Resources/app/out/vs/workbench/api/node/extensionHostProcess.js:80:1902)
    at c.z (/Applications/Visual Studio Code.app/Contents/Resources/app/out/vs/workbench/api/node/extensionHostProcess.js:80:1972)
    at c.fire (/Applications/Visual Studio Code.app/Contents/Resources/app/out/vs/workbench/api/node/extensionHostProcess.js:80:2188)
    at SessionStateTracker.setState (/Users/davidwijaya09/.vscode/extensions/ms-vsliveshare.vsliveshare-1.0.5892/extension.js:394:214149)
    at SessionStateTracker.transition (/Users/davidwijaya09/.vscode/extensions/ms-vsliveshare.vsliveshare-1.0.5892/extension.js:394:213858)
    at AuthenticationFlow.<anonymous> (/Users/davidwijaya09/.vscode/extensions/ms-vsliveshare.vsliveshare-1.0.5892/extension.js:394:259877)
    at Generator.next (<anonymous>)
    at /Users/davidwijaya09/.vscode/extensions/ms-vsliveshare.vsliveshare-1.0.5892/extension.js:394:254648
    at new Promise (<anonymous>)
    at v (/Users/davidwijaya09/.vscode/extensions/ms-vsliveshare.vsliveshare-1.0.5892/extension.js:394:254334)
    at AuthenticationFlow.processAuthResult (/Users/davidwijaya09/.vscode/extensions/ms-vsliveshare.vsliveshare-1.0.5892/extension.js:394:259133)
    at AuthenticationFlow.<anonymous> (/Users/davidwijaya09/.vscode/extensions/ms-vsliveshare.vsliveshare-1.0.5892/extension.js:394:255686)
    at Generator.next (<anonymous>)
    at fulfilled (/Users/davidwijaya09/.vscode/extensions/ms-vsliveshare.vsliveshare-1.0.5892/extension.js:394:254402) setContext undefined
2023-11-09 08:36:12.360 [error] Canceled: Canceled
    at new f (/Applications/Visual Studio Code.app/Contents/Resources/app/out/vs/workbench/api/node/extensionHostProcess.js:125:108614)
    at n.U (/Applications/Visual Studio Code.app/Contents/Resources/app/out/vs/workbench/api/node/extensionHostProcess.js:134:10873)
    at Proxy.F.<computed>.z.charCodeAt.F.<computed> (/Applications/Visual Studio Code.app/Contents/Resources/app/out/vs/workbench/api/node/extensionHostProcess.js:134:8315)
    at i.g (/Applications/Visual Studio Code.app/Contents/Resources/app/out/vs/workbench/api/node/extensionHostProcess.js:125:139130)
    at i.executeCommand (/Applications/Visual Studio Code.app/Contents/Resources/app/out/vs/workbench/api/node/extensionHostProcess.js:125:138568)
    at $.registerCommand.description (/Applications/Visual Studio Code.app/Contents/Resources/app/out/vs/workbench/api/node/extensionHostProcess.js:125:137892)
    at i.h (/Applications/Visual Studio Code.app/Contents/Resources/app/out/vs/workbench/api/node/extensionHostProcess.js:125:139669)
    at i.g (/Applications/Visual Studio Code.app/Contents/Resources/app/out/vs/workbench/api/node/extensionHostProcess.js:125:138661)
    at i.executeCommand (/Applications/Visual Studio Code.app/Contents/Resources/app/out/vs/workbench/api/node/extensionHostProcess.js:125:138568)
    at Object.executeCommand (/Applications/Visual Studio Code.app/Contents/Resources/app/out/vs/workbench/api/node/extensionHostProcess.js:140:21329)
    at Function.<anonymous> (/Users/davidwijaya09/.vscode/extensions/ms-vsliveshare.vsliveshare-1.0.5892/extension.js:394:712938)
    at Generator.next (<anonymous>)
    at /Users/davidwijaya09/.vscode/extensions/ms-vsliveshare.vsliveshare-1.0.5892/extension.js:394:711653
    at new Promise (<anonymous>)
    at v (/Users/davidwijaya09/.vscode/extensions/ms-vsliveshare.vsliveshare-1.0.5892/extension.js:394:711339)
    at Function.setCommandContext (/Users/davidwijaya09/.vscode/extensions/ms-vsliveshare.vsliveshare-1.0.5892/extension.js:394:712854)
    at SessionContext.set hasServersShared [as hasServersShared] (/Users/davidwijaya09/.vscode/extensions/ms-vsliveshare.vsliveshare-1.0.5892/extension.js:394:208968)
    at SessionContext.onSessionStateChanged (/Users/davidwijaya09/.vscode/extensions/ms-vsliveshare.vsliveshare-1.0.5892/extension.js:394:209944)
    at c.y (/Applications/Visual Studio Code.app/Contents/Resources/app/out/vs/workbench/api/node/extensionHostProcess.js:80:1902)
    at c.z (/Applications/Visual Studio Code.app/Contents/Resources/app/out/vs/workbench/api/node/extensionHostProcess.js:80:1972)
    at c.fire (/Applications/Visual Studio Code.app/Contents/Resources/app/out/vs/workbench/api/node/extensionHostProcess.js:80:2188)
    at SessionStateTracker.setState (/Users/davidwijaya09/.vscode/extensions/ms-vsliveshare.vsliveshare-1.0.5892/extension.js:394:214149)
    at SessionStateTracker.transition (/Users/davidwijaya09/.vscode/extensions/ms-vsliveshare.vsliveshare-1.0.5892/extension.js:394:213858)
    at AuthenticationFlow.<anonymous> (/Users/davidwijaya09/.vscode/extensions/ms-vsliveshare.vsliveshare-1.0.5892/extension.js:394:259877)
    at Generator.next (<anonymous>)
    at /Users/davidwijaya09/.vscode/extensions/ms-vsliveshare.vsliveshare-1.0.5892/extension.js:394:254648
    at new Promise (<anonymous>)
    at v (/Users/davidwijaya09/.vscode/extensions/ms-vsliveshare.vsliveshare-1.0.5892/extension.js:394:254334)
    at AuthenticationFlow.processAuthResult (/Users/davidwijaya09/.vscode/extensions/ms-vsliveshare.vsliveshare-1.0.5892/extension.js:394:259133)
    at AuthenticationFlow.<anonymous> (/Users/davidwijaya09/.vscode/extensions/ms-vsliveshare.vsliveshare-1.0.5892/extension.js:394:255686)
    at Generator.next (<anonymous>)
    at fulfilled (/Users/davidwijaya09/.vscode/extensions/ms-vsliveshare.vsliveshare-1.0.5892/extension.js:394:254402) setContext undefined
2023-11-09 08:36:12.360 [error] Canceled: Canceled
    at new f (/Applications/Visual Studio Code.app/Contents/Resources/app/out/vs/workbench/api/node/extensionHostProcess.js:125:108614)
    at n.U (/Applications/Visual Studio Code.app/Contents/Resources/app/out/vs/workbench/api/node/extensionHostProcess.js:134:10873)
    at Proxy.F.<computed>.z.charCodeAt.F.<computed> (/Applications/Visual Studio Code.app/Contents/Resources/app/out/vs/workbench/api/node/extensionHostProcess.js:134:8315)
    at i.g (/Applications/Visual Studio Code.app/Contents/Resources/app/out/vs/workbench/api/node/extensionHostProcess.js:125:139130)
    at i.executeCommand (/Applications/Visual Studio Code.app/Contents/Resources/app/out/vs/workbench/api/node/extensionHostProcess.js:125:138568)
    at $.registerCommand.description (/Applications/Visual Studio Code.app/Contents/Resources/app/out/vs/workbench/api/node/extensionHostProcess.js:125:137892)
    at i.h (/Applications/Visual Studio Code.app/Contents/Resources/app/out/vs/workbench/api/node/extensionHostProcess.js:125:139669)
    at i.g (/Applications/Visual Studio Code.app/Contents/Resources/app/out/vs/workbench/api/node/extensionHostProcess.js:125:138661)
    at i.executeCommand (/Applications/Visual Studio Code.app/Contents/Resources/app/out/vs/workbench/api/node/extensionHostProcess.js:125:138568)
    at Object.executeCommand (/Applications/Visual Studio Code.app/Contents/Resources/app/out/vs/workbench/api/node/extensionHostProcess.js:140:21329)
    at Function.<anonymous> (/Users/davidwijaya09/.vscode/extensions/ms-vsliveshare.vsliveshare-1.0.5892/extension.js:394:712938)
    at Generator.next (<anonymous>)
    at /Users/davidwijaya09/.vscode/extensions/ms-vsliveshare.vsliveshare-1.0.5892/extension.js:394:711653
    at new Promise (<anonymous>)
    at v (/Users/davidwijaya09/.vscode/extensions/ms-vsliveshare.vsliveshare-1.0.5892/extension.js:394:711339)
    at Function.setCommandContext (/Users/davidwijaya09/.vscode/extensions/ms-vsliveshare.vsliveshare-1.0.5892/extension.js:394:712854)
    at SessionContext.set hasSharedTerminals [as hasSharedTerminals] (/Users/davidwijaya09/.vscode/extensions/ms-vsliveshare.vsliveshare-1.0.5892/extension.js:394:209148)
    at SessionContext.onSessionStateChanged (/Users/davidwijaya09/.vscode/extensions/ms-vsliveshare.vsliveshare-1.0.5892/extension.js:394:209971)
    at c.y (/Applications/Visual Studio Code.app/Contents/Resources/app/out/vs/workbench/api/node/extensionHostProcess.js:80:1902)
    at c.z (/Applications/Visual Studio Code.app/Contents/Resources/app/out/vs/workbench/api/node/extensionHostProcess.js:80:1972)
    at c.fire (/Applications/Visual Studio Code.app/Contents/Resources/app/out/vs/workbench/api/node/extensionHostProcess.js:80:2188)
    at SessionStateTracker.setState (/Users/davidwijaya09/.vscode/extensions/ms-vsliveshare.vsliveshare-1.0.5892/extension.js:394:214149)
    at SessionStateTracker.transition (/Users/davidwijaya09/.vscode/extensions/ms-vsliveshare.vsliveshare-1.0.5892/extension.js:394:213858)
    at AuthenticationFlow.<anonymous> (/Users/davidwijaya09/.vscode/extensions/ms-vsliveshare.vsliveshare-1.0.5892/extension.js:394:259877)
    at Generator.next (<anonymous>)
    at /Users/davidwijaya09/.vscode/extensions/ms-vsliveshare.vsliveshare-1.0.5892/extension.js:394:254648
    at new Promise (<anonymous>)
    at v (/Users/davidwijaya09/.vscode/extensions/ms-vsliveshare.vsliveshare-1.0.5892/extension.js:394:254334)
    at AuthenticationFlow.processAuthResult (/Users/davidwijaya09/.vscode/extensions/ms-vsliveshare.vsliveshare-1.0.5892/extension.js:394:259133)
    at AuthenticationFlow.<anonymous> (/Users/davidwijaya09/.vscode/extensions/ms-vsliveshare.vsliveshare-1.0.5892/extension.js:394:255686)
    at Generator.next (<anonymous>)
    at fulfilled (/Users/davidwijaya09/.vscode/extensions/ms-vsliveshare.vsliveshare-1.0.5892/extension.js:394:254402) setContext undefined
2023-11-09 08:36:12.661 [error] Canceled: Canceled
    at new f (/Applications/Visual Studio Code.app/Contents/Resources/app/out/vs/workbench/api/node/extensionHostProcess.js:125:108614)
    at n.U (/Applications/Visual Studio Code.app/Contents/Resources/app/out/vs/workbench/api/node/extensionHostProcess.js:134:10873)
    at Proxy.F.<computed>.z.charCodeAt.F.<computed> (/Applications/Visual Studio Code.app/Contents/Resources/app/out/vs/workbench/api/node/extensionHostProcess.js:134:8315)
    at i.g (/Applications/Visual Studio Code.app/Contents/Resources/app/out/vs/workbench/api/node/extensionHostProcess.js:125:139130)
    at i.executeCommand (/Applications/Visual Studio Code.app/Contents/Resources/app/out/vs/workbench/api/node/extensionHostProcess.js:125:138568)
    at $.registerCommand.description (/Applications/Visual Studio Code.app/Contents/Resources/app/out/vs/workbench/api/node/extensionHostProcess.js:125:137892)
    at i.h (/Applications/Visual Studio Code.app/Contents/Resources/app/out/vs/workbench/api/node/extensionHostProcess.js:125:139669)
    at i.g (/Applications/Visual Studio Code.app/Contents/Resources/app/out/vs/workbench/api/node/extensionHostProcess.js:125:138661)
    at i.executeCommand (/Applications/Visual Studio Code.app/Contents/Resources/app/out/vs/workbench/api/node/extensionHostProcess.js:125:138568)
    at Object.executeCommand (/Applications/Visual Studio Code.app/Contents/Resources/app/out/vs/workbench/api/node/extensionHostProcess.js:140:21329)
    at Timeout.X [as _onTimeout] (/Users/davidwijaya09/.vscode/extensions/gruntfuggly.todo-tree-0.0.226/dist/extension.js:82:12529)
    at listOnTimeout (node:internal/timers:569:17)
    at processTimers (node:internal/timers:512:7) setContext undefined
2023-11-09 08:36:13.353 [error] Error: Channel has been closed
    at s (/Applications/Visual Studio Code.app/Contents/Resources/app/out/vs/workbench/api/node/extensionHostProcess.js:135:2490)
    at Object.appendLine (/Applications/Visual Studio Code.app/Contents/Resources/app/out/vs/workbench/api/node/extensionHostProcess.js:135:2608)
    at Object.log (/Users/davidwijaya09/.vscode/extensions/tabnine.tabnine-vscode-3.29.0/out/extension.js:17:151108)
    at Object.error (/Users/davidwijaya09/.vscode/extensions/tabnine.tabnine-vscode-3.29.0/out/extension.js:17:151452)
    at t.default.request (/Users/davidwijaya09/.vscode/extensions/tabnine.tabnine-vscode-3.29.0/out/extension.js:17:33466)
    at async Promise.all (index 30)
    at h.Y (/Applications/Visual Studio Code.app/Contents/Resources/app/out/vs/workbench/api/node/extensionHostProcess.js:136:7807)
2023-11-09 08:36:13.353 [info] Extension host with pid 32629 exiting with code 0
